2016-10-19 15:18:04.566+0000 INFO  [o.n.k.i.f.CommunityFacadeFactory] No locking implementation specified, defaulting to 'community'
2016-10-19 15:18:04.847+0000 INFO  [o.n.k.AvailabilityGuard] Requirement makes database unavailable: Database available
2016-10-19 15:18:04.936+0000 INFO  [o.n.k.i.DiagnosticsManager] --- INITIALIZED diagnostics START ---
2016-10-19 15:18:04.936+0000 INFO  [o.n.k.i.DiagnosticsManager] Neo4j Kernel properties:
2016-10-19 15:18:04.937+0000 INFO  [o.n.k.i.DiagnosticsManager] dbms.connector.http.enabled=true
2016-10-19 15:18:04.937+0000 INFO  [o.n.k.i.DiagnosticsManager] dbms.security.auth_enabled=true
2016-10-19 15:18:04.937+0000 INFO  [o.n.k.i.DiagnosticsManager] dbms.connector.bolt.type=BOLT
2016-10-19 15:18:04.937+0000 INFO  [o.n.k.i.DiagnosticsManager] unsupported.dbms.directories.neo4j_home=D:\githubfiles\DevDatabase\database_Ruben_Everwijn_Alexander_Ng.graphdb
2016-10-19 15:18:04.937+0000 INFO  [o.n.k.i.DiagnosticsManager] dbms.directories.import=import
2016-10-19 15:18:04.937+0000 INFO  [o.n.k.i.DiagnosticsManager] dbms.connector.bolt.tls_level=OPTIONAL
2016-10-19 15:18:04.937+0000 INFO  [o.n.k.i.DiagnosticsManager] dbms.shell.enabled=true
2016-10-19 15:18:04.937+0000 INFO  [o.n.k.i.DiagnosticsManager] dbms.connector.http.type=HTTP
2016-10-19 15:18:04.937+0000 INFO  [o.n.k.i.DiagnosticsManager] unsupported.dbms.directories.database=D:\githubfiles\DevDatabase\database_Ruben_Everwijn_Alexander_Ng.graphdb
2016-10-19 15:18:04.938+0000 INFO  [o.n.k.i.DiagnosticsManager] dbms.logs.http.enabled=false
2016-10-19 15:18:04.938+0000 INFO  [o.n.k.i.DiagnosticsManager] unsupported.dbms.security.auth_store.location=data\dbms\auth
2016-10-19 15:18:04.938+0000 INFO  [o.n.k.i.DiagnosticsManager] unsupported.dbms.edition=community
2016-10-19 15:18:04.938+0000 INFO  [o.n.k.i.DiagnosticsManager] dbms.connector.bolt.enabled=true
2016-10-19 15:18:04.938+0000 INFO  [o.n.k.i.DiagnosticsManager] Diagnostics providers:
2016-10-19 15:18:04.938+0000 INFO  [o.n.k.i.DiagnosticsManager] org.neo4j.kernel.configuration.Config
2016-10-19 15:18:04.938+0000 INFO  [o.n.k.i.DiagnosticsManager] org.neo4j.kernel.info.DiagnosticsManager
2016-10-19 15:18:04.938+0000 INFO  [o.n.k.i.DiagnosticsManager] SYSTEM_MEMORY
2016-10-19 15:18:04.938+0000 INFO  [o.n.k.i.DiagnosticsManager] JAVA_MEMORY
2016-10-19 15:18:04.938+0000 INFO  [o.n.k.i.DiagnosticsManager] OPERATING_SYSTEM
2016-10-19 15:18:04.938+0000 INFO  [o.n.k.i.DiagnosticsManager] JAVA_VIRTUAL_MACHINE
2016-10-19 15:18:04.938+0000 INFO  [o.n.k.i.DiagnosticsManager] CLASSPATH
2016-10-19 15:18:04.939+0000 INFO  [o.n.k.i.DiagnosticsManager] LIBRARY_PATH
2016-10-19 15:18:04.939+0000 INFO  [o.n.k.i.DiagnosticsManager] SYSTEM_PROPERTIES
2016-10-19 15:18:04.939+0000 INFO  [o.n.k.i.DiagnosticsManager] NETWORK
2016-10-19 15:18:04.939+0000 INFO  [o.n.k.i.DiagnosticsManager] System memory information:
2016-10-19 15:18:04.949+0000 INFO  [o.n.k.i.DiagnosticsManager] Total Physical memory: 5.89 GB
2016-10-19 15:18:04.949+0000 INFO  [o.n.k.i.DiagnosticsManager] Free Physical memory: 2.01 GB
2016-10-19 15:18:04.950+0000 INFO  [o.n.k.i.DiagnosticsManager] Committed virtual memory: 213.93 MB
2016-10-19 15:18:04.950+0000 INFO  [o.n.k.i.DiagnosticsManager] Total swap space: 7.51 GB
2016-10-19 15:18:04.950+0000 INFO  [o.n.k.i.DiagnosticsManager] Free swap space: 1.57 GB
2016-10-19 15:18:04.950+0000 INFO  [o.n.k.i.DiagnosticsManager] JVM memory information:
2016-10-19 15:18:04.950+0000 INFO  [o.n.k.i.DiagnosticsManager] Free  memory: 58.01 MB
2016-10-19 15:18:04.950+0000 INFO  [o.n.k.i.DiagnosticsManager] Total memory: 92.00 MB
2016-10-19 15:18:04.950+0000 INFO  [o.n.k.i.DiagnosticsManager] Max   memory: 1.31 GB
2016-10-19 15:18:04.973+0000 INFO  [o.n.k.i.DiagnosticsManager] Garbage Collector: PS Scavenge: [PS Eden Space, PS Survivor Space]
2016-10-19 15:18:04.973+0000 INFO  [o.n.k.i.DiagnosticsManager] Garbage Collector: PS MarkSweep: [PS Eden Space, PS Survivor Space, PS Old Gen]
2016-10-19 15:18:04.974+0000 INFO  [o.n.k.i.DiagnosticsManager] Memory Pool: Code Cache (Non-heap memory): committed=7.56 MB, used=7.50 MB, max=240.00 MB, threshold=0.00 B
2016-10-19 15:18:04.974+0000 INFO  [o.n.k.i.DiagnosticsManager] Memory Pool: Metaspace (Non-heap memory): committed=20.75 MB, used=19.94 MB, max=-1.00 B, threshold=0.00 B
2016-10-19 15:18:04.975+0000 INFO  [o.n.k.i.DiagnosticsManager] Memory Pool: Compressed Class Space (Non-heap memory): committed=3.00 MB, used=2.73 MB, max=1.00 GB, threshold=0.00 B
2016-10-19 15:18:04.975+0000 INFO  [o.n.k.i.DiagnosticsManager] Memory Pool: PS Eden Space (Heap memory): committed=24.00 MB, used=12.16 MB, max=494.50 MB, threshold=?
2016-10-19 15:18:04.975+0000 INFO  [o.n.k.i.DiagnosticsManager] Memory Pool: PS Survivor Space (Heap memory): committed=4.00 MB, used=3.99 MB, max=4.00 MB, threshold=?
2016-10-19 15:18:04.976+0000 INFO  [o.n.k.i.DiagnosticsManager] Memory Pool: PS Old Gen (Heap memory): committed=64.00 MB, used=17.84 MB, max=1005.50 MB, threshold=0.00 B
2016-10-19 15:18:04.976+0000 INFO  [o.n.k.i.DiagnosticsManager] Operating system information:
2016-10-19 15:18:04.977+0000 INFO  [o.n.k.i.DiagnosticsManager] Operating System: Windows 10; version: 10.0; arch: amd64; cpus: 4
2016-10-19 15:18:05.059+0000 INFO  [o.n.k.i.DiagnosticsManager] Process id: 6016@asus
2016-10-19 15:18:05.059+0000 INFO  [o.n.k.i.DiagnosticsManager] Byte order: LITTLE_ENDIAN
2016-10-19 15:18:05.059+0000 INFO  [o.n.k.i.DiagnosticsManager] Local timezone: Europe/Berlin
2016-10-19 15:18:05.059+0000 INFO  [o.n.k.i.DiagnosticsManager] JVM information:
2016-10-19 15:18:05.060+0000 INFO  [o.n.k.i.DiagnosticsManager] VM Name: Java HotSpot(TM) 64-Bit Server VM
2016-10-19 15:18:05.060+0000 INFO  [o.n.k.i.DiagnosticsManager] VM Vendor: Oracle Corporation
2016-10-19 15:18:05.060+0000 INFO  [o.n.k.i.DiagnosticsManager] VM Version: 25.73-b02
2016-10-19 15:18:05.065+0000 INFO  [o.n.k.i.DiagnosticsManager] JIT compiler: HotSpot 64-Bit Tiered Compilers
2016-10-19 15:18:05.067+0000 INFO  [o.n.k.i.DiagnosticsManager] VM Arguments: [-Dexe4j.semaphoreName=Local\d:_neo4j_ce_3.0.6_bin_neo4j-ce.exe, -Dexe4j.isInstall4j=true, -Dexe4j.moduleName=D:\Neo4j CE 3.0.6\bin\neo4j-ce.exe, -Dexe4j.tempDir=, -Dexe4j.unextractedPosition=0, -Djava.library.path=C:\ProgramData\Oracle\Java\javapath;C:\Program Files (x86)\Intel\iCLS Client\;C:\Program Files\Intel\iCLS Client\;C:\WINDOWS\system32;C:\WINDOWS;C:\WINDOWS\System32\Wbem;C:\WINDOWS\System32\WindowsPowerShell\v1.0\;C:\Program Files (x86)\Windows Live\Shared;C:\Program Files (x86)\Intel\OpenCL SDK\2.0\bin\x86;C:\Program Files (x86)\Intel\OpenCL SDK\2.0\bin\x64;C:\Program Files\Intel\Intel(R) Management Engine Components\DAL;C:\Program Files\Intel\Intel(R) Management Engine Components\IPT;C:\Program Files (x86)\Intel\Intel(R) Management Engine Components\DAL;C:\Program Files (x86)\Intel\Intel(R) Management Engine Components\IPT;C:\Program Files (x86)\NVIDIA Corporation\PhysX\Common;C:\Users\eigenaar\.dnx\bin;C:\Program Files\Microsoft DNX\Dnvm\;C:\Program Files\Novell\iPrint;C:\Program Files (x86)\Skype\Phone\;C:\WINDOWS\system32;C:\WINDOWS;C:\WINDOWS\System32\Wbem;C:\WINDOWS\System32\WindowsPowerShell\v1.0\;C:\Program Files\Microsoft\Web Platform Installer\;C:\Program Files\Java\jdk1.8.0_73\bin;C:\Program Files\MongoDB\Server\3.2\bin;c:\program files\java\jre1.8.0_73\bin, -Dexe4j.consoleCodepage=cp0, -Dinstall4j.launcherId=24, -Dinstall4j.swt=false]
2016-10-19 15:18:05.067+0000 INFO  [o.n.k.i.DiagnosticsManager] Java classpath:
2016-10-19 15:18:05.073+0000 INFO  [o.n.k.i.DiagnosticsManager]  [loader.0] file:/D:/Neo4j%20CE%203.0.6/.install4j/i4jruntime.jar
2016-10-19 15:18:05.073+0000 INFO  [o.n.k.i.DiagnosticsManager]  [bootstrap] C:\Program Files\Java\jre1.8.0_73\lib\jsse.jar
2016-10-19 15:18:05.073+0000 INFO  [o.n.k.i.DiagnosticsManager]  [bootstrap] C:\Program Files\Java\jre1.8.0_73\classes
2016-10-19 15:18:05.073+0000 INFO  [o.n.k.i.DiagnosticsManager]  [bootstrap] C:\Program Files\Java\jre1.8.0_73\lib\sunrsasign.jar
2016-10-19 15:18:05.073+0000 INFO  [o.n.k.i.DiagnosticsManager]  [bootstrap] C:\Program Files\Java\jre1.8.0_73\lib\jce.jar
2016-10-19 15:18:05.073+0000 INFO  [o.n.k.i.DiagnosticsManager]  [loader.1] file:/C:/Program%20Files/Java/jre1.8.0_73/lib/ext/jfxrt.jar
2016-10-19 15:18:05.073+0000 INFO  [o.n.k.i.DiagnosticsManager]  [loader.1] file:/C:/Program%20Files/Java/jre1.8.0_73/lib/ext/zipfs.jar
2016-10-19 15:18:05.073+0000 INFO  [o.n.k.i.DiagnosticsManager]  [bootstrap] C:\Program Files\Java\jre1.8.0_73\lib\resources.jar
2016-10-19 15:18:05.074+0000 INFO  [o.n.k.i.DiagnosticsManager]  [loader.1] file:/C:/Program%20Files/Java/jre1.8.0_73/lib/ext/sunjce_provider.jar
2016-10-19 15:18:05.074+0000 INFO  [o.n.k.i.DiagnosticsManager]  [classpath] D:\Neo4j CE 3.0.6\bin\neo4j-desktop-3.0.6.jar
2016-10-19 15:18:05.074+0000 INFO  [o.n.k.i.DiagnosticsManager]  [classpath] D:\Neo4j CE 3.0.6\.install4j\i4jruntime.jar
2016-10-19 15:18:05.074+0000 INFO  [o.n.k.i.DiagnosticsManager]  [loader.1] file:/C:/Program%20Files/Java/jre1.8.0_73/lib/ext/cldrdata.jar
2016-10-19 15:18:05.074+0000 INFO  [o.n.k.i.DiagnosticsManager]  [loader.1] file:/C:/Program%20Files/Java/jre1.8.0_73/lib/ext/sunec.jar
2016-10-19 15:18:05.074+0000 INFO  [o.n.k.i.DiagnosticsManager]  [loader.0] file:/D:/Neo4j%20CE%203.0.6/bin/neo4j-desktop-3.0.6.jar
2016-10-19 15:18:05.074+0000 INFO  [o.n.k.i.DiagnosticsManager]  [loader.1] file:/C:/Program%20Files/Java/jre1.8.0_73/lib/ext/jaccess.jar
2016-10-19 15:18:05.074+0000 INFO  [o.n.k.i.DiagnosticsManager]  [bootstrap] C:\Program Files\Java\jre1.8.0_73\lib\jfr.jar
2016-10-19 15:18:05.074+0000 INFO  [o.n.k.i.DiagnosticsManager]  [loader.1] file:/C:/Program%20Files/Java/jre1.8.0_73/lib/ext/dnsns.jar
2016-10-19 15:18:05.074+0000 INFO  [o.n.k.i.DiagnosticsManager]  [bootstrap] C:\Program Files\Java\jre1.8.0_73\lib\rt.jar
2016-10-19 15:18:05.074+0000 INFO  [o.n.k.i.DiagnosticsManager]  [loader.1] file:/C:/Program%20Files/Java/jre1.8.0_73/lib/ext/sunmscapi.jar
2016-10-19 15:18:05.074+0000 INFO  [o.n.k.i.DiagnosticsManager]  [loader.1] file:/C:/Program%20Files/Java/jre1.8.0_73/lib/ext/sunpkcs11.jar
2016-10-19 15:18:05.074+0000 INFO  [o.n.k.i.DiagnosticsManager]  [loader.1] file:/C:/Program%20Files/Java/jre1.8.0_73/lib/ext/localedata.jar
2016-10-19 15:18:05.074+0000 INFO  [o.n.k.i.DiagnosticsManager]  [loader.1] file:/C:/Program%20Files/Java/jre1.8.0_73/lib/ext/access-bridge-64.jar
2016-10-19 15:18:05.074+0000 INFO  [o.n.k.i.DiagnosticsManager]  [bootstrap] C:\Program Files\Java\jre1.8.0_73\lib\charsets.jar
2016-10-19 15:18:05.074+0000 INFO  [o.n.k.i.DiagnosticsManager]  [loader.0] file:/D:/Neo4j%20CE%203.0.6/bin/
2016-10-19 15:18:05.074+0000 INFO  [o.n.k.i.DiagnosticsManager]  [loader.1] file:/C:/Program%20Files/Java/jre1.8.0_73/lib/ext/dns_sd.jar
2016-10-19 15:18:05.074+0000 INFO  [o.n.k.i.DiagnosticsManager]  [loader.1] file:/C:/Program%20Files/Java/jre1.8.0_73/lib/ext/nashorn.jar
2016-10-19 15:18:05.074+0000 INFO  [o.n.k.i.DiagnosticsManager] Library path:
2016-10-19 15:18:05.076+0000 INFO  [o.n.k.i.DiagnosticsManager] C:\ProgramData\Oracle\Java\javapath
2016-10-19 15:18:05.077+0000 INFO  [o.n.k.i.DiagnosticsManager] C:\Program Files (x86)\Intel\iCLS Client
2016-10-19 15:18:05.077+0000 INFO  [o.n.k.i.DiagnosticsManager] C:\Program Files\Intel\iCLS Client
2016-10-19 15:18:05.078+0000 INFO  [o.n.k.i.DiagnosticsManager] C:\Windows\System32
2016-10-19 15:18:05.078+0000 INFO  [o.n.k.i.DiagnosticsManager] C:\Windows
2016-10-19 15:18:05.079+0000 INFO  [o.n.k.i.DiagnosticsManager] C:\Windows\System32\wbem
2016-10-19 15:18:05.080+0000 INFO  [o.n.k.i.DiagnosticsManager] C:\Windows\System32\WindowsPowerShell\v1.0
2016-10-19 15:18:05.080+0000 INFO  [o.n.k.i.DiagnosticsManager] C:\Program Files (x86)\Windows Live\Shared
2016-10-19 15:18:05.081+0000 INFO  [o.n.k.i.DiagnosticsManager] C:\Program Files (x86)\Intel\OpenCL SDK\2.0\bin\x86
2016-10-19 15:18:05.082+0000 INFO  [o.n.k.i.DiagnosticsManager] C:\Program Files (x86)\Intel\OpenCL SDK\2.0\bin\x64
2016-10-19 15:18:05.083+0000 INFO  [o.n.k.i.DiagnosticsManager] C:\Program Files\Intel\Intel(R) Management Engine Components\DAL
2016-10-19 15:18:05.084+0000 INFO  [o.n.k.i.DiagnosticsManager] C:\Program Files\Intel\Intel(R) Management Engine Components\IPT
2016-10-19 15:18:05.084+0000 INFO  [o.n.k.i.DiagnosticsManager] C:\Program Files (x86)\Intel\Intel(R) Management Engine Components\DAL
2016-10-19 15:18:05.085+0000 INFO  [o.n.k.i.DiagnosticsManager] C:\Program Files (x86)\Intel\Intel(R) Management Engine Components\IPT
2016-10-19 15:18:05.086+0000 INFO  [o.n.k.i.DiagnosticsManager] C:\Program Files (x86)\NVIDIA Corporation\PhysX\Common
2016-10-19 15:18:05.086+0000 INFO  [o.n.k.i.DiagnosticsManager] C:\Users\eigenaar\.dnx\bin
2016-10-19 15:18:05.087+0000 INFO  [o.n.k.i.DiagnosticsManager] C:\Program Files\Microsoft DNX\Dnvm
2016-10-19 15:18:05.088+0000 INFO  [o.n.k.i.DiagnosticsManager] C:\Program Files\Novell\iPrint
2016-10-19 15:18:05.088+0000 INFO  [o.n.k.i.DiagnosticsManager] C:\Program Files (x86)\Skype\Phone
2016-10-19 15:18:05.088+0000 INFO  [o.n.k.i.DiagnosticsManager] C:\Windows\System32
2016-10-19 15:18:05.088+0000 INFO  [o.n.k.i.DiagnosticsManager] C:\Windows
2016-10-19 15:18:05.088+0000 INFO  [o.n.k.i.DiagnosticsManager] C:\Windows\System32\wbem
2016-10-19 15:18:05.088+0000 INFO  [o.n.k.i.DiagnosticsManager] C:\Windows\System32\WindowsPowerShell\v1.0
2016-10-19 15:18:05.089+0000 INFO  [o.n.k.i.DiagnosticsManager] C:\Program Files\Microsoft\Web Platform Installer
2016-10-19 15:18:05.089+0000 INFO  [o.n.k.i.DiagnosticsManager] C:\Program Files\Java\jdk1.8.0_73\bin
2016-10-19 15:18:05.090+0000 INFO  [o.n.k.i.DiagnosticsManager] C:\Program Files\MongoDB\Server\3.2\bin
2016-10-19 15:18:05.090+0000 INFO  [o.n.k.i.DiagnosticsManager] C:\Program Files\Java\jre1.8.0_73\bin
2016-10-19 15:18:05.090+0000 INFO  [o.n.k.i.DiagnosticsManager] System.properties:
2016-10-19 15:18:05.091+0000 INFO  [o.n.k.i.DiagnosticsManager] exe4j.moduleName = D:\Neo4j CE 3.0.6\bin\neo4j-ce.exe
2016-10-19 15:18:05.091+0000 INFO  [o.n.k.i.DiagnosticsManager] exe4j.semaphoreName = Local\d:_neo4j_ce_3.0.6_bin_neo4j-ce.exe
2016-10-19 15:18:05.091+0000 INFO  [o.n.k.i.DiagnosticsManager] sun.boot.library.path = c:\program files\java\jre1.8.0_73\bin
2016-10-19 15:18:05.091+0000 INFO  [o.n.k.i.DiagnosticsManager] exe4j.consoleCodepage = cp0
2016-10-19 15:18:05.091+0000 INFO  [o.n.k.i.DiagnosticsManager] path.separator = ;
2016-10-19 15:18:05.091+0000 INFO  [o.n.k.i.DiagnosticsManager] file.encoding.pkg = sun.io
2016-10-19 15:18:05.091+0000 INFO  [o.n.k.i.DiagnosticsManager] user.country = US
2016-10-19 15:18:05.091+0000 INFO  [o.n.k.i.DiagnosticsManager] user.script = 
2016-10-19 15:18:05.091+0000 INFO  [o.n.k.i.DiagnosticsManager] sun.os.patch.level = 
2016-10-19 15:18:05.091+0000 INFO  [o.n.k.i.DiagnosticsManager] install4j.exeDir = D:\Neo4j CE 3.0.6\bin\
2016-10-19 15:18:05.091+0000 INFO  [o.n.k.i.DiagnosticsManager] user.dir = D:\Neo4j CE 3.0.6\bin
2016-10-19 15:18:05.091+0000 INFO  [o.n.k.i.DiagnosticsManager] user.variant = 
2016-10-19 15:18:05.091+0000 INFO  [o.n.k.i.DiagnosticsManager] exe4j.tempDir = 
2016-10-19 15:18:05.091+0000 INFO  [o.n.k.i.DiagnosticsManager] sun.jnu.encoding = Cp1252
2016-10-19 15:18:05.091+0000 INFO  [o.n.k.i.DiagnosticsManager] unsupported.dbms.udc.source = desktop
2016-10-19 15:18:05.091+0000 INFO  [o.n.k.i.DiagnosticsManager] sun.awt.enableExtraMouseButtons = true
2016-10-19 15:18:05.091+0000 INFO  [o.n.k.i.DiagnosticsManager] install4j.launcherId = 24
2016-10-19 15:18:05.091+0000 INFO  [o.n.k.i.DiagnosticsManager] sun.management.compiler = HotSpot 64-Bit Tiered Compilers
2016-10-19 15:18:05.091+0000 INFO  [o.n.k.i.DiagnosticsManager] exe4j.isInstall4j = true
2016-10-19 15:18:05.091+0000 INFO  [o.n.k.i.DiagnosticsManager] install4j.swt = false
2016-10-19 15:18:05.091+0000 INFO  [o.n.k.i.DiagnosticsManager] user.home = C:\Users\eigenaar
2016-10-19 15:18:05.091+0000 INFO  [o.n.k.i.DiagnosticsManager] user.timezone = Europe/Berlin
2016-10-19 15:18:05.092+0000 INFO  [o.n.k.i.DiagnosticsManager] file.encoding = Cp1252
2016-10-19 15:18:05.092+0000 INFO  [o.n.k.i.DiagnosticsManager] user.name = Alex
2016-10-19 15:18:05.092+0000 INFO  [o.n.k.i.DiagnosticsManager] sun.java.command = D:\Neo4j CE 3.0.6\bin\neo4j-ce.exe
2016-10-19 15:18:05.092+0000 INFO  [o.n.k.i.DiagnosticsManager] sun.arch.data.model = 64
2016-10-19 15:18:05.092+0000 INFO  [o.n.k.i.DiagnosticsManager] exe4j.launchName = D:\Neo4j CE 3.0.6\bin\neo4j-ce.exe
2016-10-19 15:18:05.092+0000 INFO  [o.n.k.i.DiagnosticsManager] user.language = en
2016-10-19 15:18:05.092+0000 INFO  [o.n.k.i.DiagnosticsManager] awt.toolkit = sun.awt.windows.WToolkit
2016-10-19 15:18:05.092+0000 INFO  [o.n.k.i.DiagnosticsManager] exe4j.unextractedPosition = 0
2016-10-19 15:18:05.092+0000 INFO  [o.n.k.i.DiagnosticsManager] install4j.appDir = D:\Neo4j CE 3.0.6\
2016-10-19 15:18:05.092+0000 INFO  [o.n.k.i.DiagnosticsManager] file.separator = \
2016-10-19 15:18:05.092+0000 INFO  [o.n.k.i.DiagnosticsManager] sun.io.unicode.encoding = UnicodeLittle
2016-10-19 15:18:05.092+0000 INFO  [o.n.k.i.DiagnosticsManager] sun.cpu.endian = little
2016-10-19 15:18:05.092+0000 INFO  [o.n.k.i.DiagnosticsManager] sun.desktop = windows
2016-10-19 15:18:05.092+0000 INFO  [o.n.k.i.DiagnosticsManager] sun.cpu.isalist = amd64
2016-10-19 15:18:05.092+0000 INFO  [o.n.k.i.DiagnosticsManager] Network information:
2016-10-19 15:18:05.183+0000 INFO  [o.n.k.i.DiagnosticsManager] Interface Software Loopback Interface 1:
2016-10-19 15:18:05.184+0000 INFO  [o.n.k.i.DiagnosticsManager]     address: 127.0.0.1
2016-10-19 15:18:05.184+0000 INFO  [o.n.k.i.DiagnosticsManager]     address: 0:0:0:0:0:0:0:1
2016-10-19 15:18:05.184+0000 INFO  [o.n.k.i.DiagnosticsManager] Interface WAN Miniport (Network Monitor):
2016-10-19 15:18:05.184+0000 INFO  [o.n.k.i.DiagnosticsManager] Interface Microsoft Wi-Fi Direct Virtual Adapter:
2016-10-19 15:18:05.184+0000 INFO  [o.n.k.i.DiagnosticsManager]     address: fe80:0:0:0:3111:3b8a:50f1:cf3%wlan0
2016-10-19 15:18:05.184+0000 INFO  [o.n.k.i.DiagnosticsManager] Interface Microsoft ISATAP Adapter #4:
2016-10-19 15:18:05.184+0000 INFO  [o.n.k.i.DiagnosticsManager] Interface TAP-Windows Adapter V9:
2016-10-19 15:18:05.184+0000 INFO  [o.n.k.i.DiagnosticsManager]     address: 169.254.123.165
2016-10-19 15:18:05.184+0000 INFO  [o.n.k.i.DiagnosticsManager]     address: fe80:0:0:0:1477:3f00:7724:8f16%eth1
2016-10-19 15:18:05.184+0000 INFO  [o.n.k.i.DiagnosticsManager] Interface WAN Miniport (IP):
2016-10-19 15:18:05.185+0000 INFO  [o.n.k.i.DiagnosticsManager] Interface WAN Miniport (PPTP):
2016-10-19 15:18:05.185+0000 INFO  [o.n.k.i.DiagnosticsManager] Interface WAN Miniport (SSTP):
2016-10-19 15:18:05.185+0000 INFO  [o.n.k.i.DiagnosticsManager] Interface WAN Miniport (IPv6):
2016-10-19 15:18:05.185+0000 INFO  [o.n.k.i.DiagnosticsManager] Interface Microsoft ISATAP Adapter:
2016-10-19 15:18:05.185+0000 INFO  [o.n.k.i.DiagnosticsManager] Interface Microsoft ISATAP Adapter #3:
2016-10-19 15:18:05.185+0000 INFO  [o.n.k.i.DiagnosticsManager]     address: fe80:0:0:0:0:5efe:c0a8:1ab%net4
2016-10-19 15:18:05.185+0000 INFO  [o.n.k.i.DiagnosticsManager] Interface Microsoft ISATAP Adapter #2:
2016-10-19 15:18:05.185+0000 INFO  [o.n.k.i.DiagnosticsManager]     address: fe80:0:0:0:0:5efe:a9fe:7ba5%net5
2016-10-19 15:18:05.185+0000 INFO  [o.n.k.i.DiagnosticsManager] Interface WAN Miniport (L2TP):
2016-10-19 15:18:05.185+0000 INFO  [o.n.k.i.DiagnosticsManager] Interface WAN Miniport (PPPOE):
2016-10-19 15:18:05.185+0000 INFO  [o.n.k.i.DiagnosticsManager] Interface This Qualcomm Atheros network Controller connects you to the network.:
2016-10-19 15:18:05.185+0000 INFO  [o.n.k.i.DiagnosticsManager]     address: fe80:0:0:0:cd4a:42f5:7401:22d4%eth4
2016-10-19 15:18:05.186+0000 INFO  [o.n.k.i.DiagnosticsManager] Interface Microsoft Kernel Debug Network Adapter:
2016-10-19 15:18:05.186+0000 INFO  [o.n.k.i.DiagnosticsManager] Interface WAN Miniport (IKEv2):
2016-10-19 15:18:05.186+0000 INFO  [o.n.k.i.DiagnosticsManager] Interface 802.11n Wireless LAN Card:
2016-10-19 15:18:05.186+0000 INFO  [o.n.k.i.DiagnosticsManager]     address: 192.168.1.171
2016-10-19 15:18:05.186+0000 INFO  [o.n.k.i.DiagnosticsManager]     address: fe80:0:0:0:81b0:c4fc:b21f:101a%wlan1
2016-10-19 15:18:05.186+0000 INFO  [o.n.k.i.DiagnosticsManager] Interface VirtualBox Host-Only Ethernet Adapter:
2016-10-19 15:18:05.186+0000 INFO  [o.n.k.i.DiagnosticsManager] Interface TAP-Windows Adapter V9-WFP Native MAC Layer LightWeight Filter-0000:
2016-10-19 15:18:05.186+0000 INFO  [o.n.k.i.DiagnosticsManager] Interface TAP-Windows Adapter V9-VirtualBox NDIS Light-Weight Filter-0000:
2016-10-19 15:18:05.186+0000 INFO  [o.n.k.i.DiagnosticsManager] Interface TAP-Windows Adapter V9-QoS Packet Scheduler-0000:
2016-10-19 15:18:05.186+0000 INFO  [o.n.k.i.DiagnosticsManager] Interface TAP-Windows Adapter V9-WFP 802.3 MAC Layer LightWeight Filter-0000:
2016-10-19 15:18:05.186+0000 INFO  [o.n.k.i.DiagnosticsManager] Interface This Qualcomm Atheros network Controller connects you to the network.-WFP Native MAC Layer LightWeight Filter-0000:
2016-10-19 15:18:05.186+0000 INFO  [o.n.k.i.DiagnosticsManager] Interface This Qualcomm Atheros network Controller connects you to the network.-VirtualBox NDIS Light-Weight Filter-0000:
2016-10-19 15:18:05.186+0000 INFO  [o.n.k.i.DiagnosticsManager] Interface This Qualcomm Atheros network Controller connects you to the network.-QoS Packet Scheduler-0000:
2016-10-19 15:18:05.187+0000 INFO  [o.n.k.i.DiagnosticsManager] Interface This Qualcomm Atheros network Controller connects you to the network.-WFP 802.3 MAC Layer LightWeight Filter-0000:
2016-10-19 15:18:05.187+0000 INFO  [o.n.k.i.DiagnosticsManager] Interface 802.11n Wireless LAN Card-WFP Native MAC Layer LightWeight Filter-0000:
2016-10-19 15:18:05.187+0000 INFO  [o.n.k.i.DiagnosticsManager] Interface 802.11n Wireless LAN Card-Virtual WiFi Filter Driver-0000:
2016-10-19 15:18:05.187+0000 INFO  [o.n.k.i.DiagnosticsManager] Interface 802.11n Wireless LAN Card-Native WiFi Filter Driver-0000:
2016-10-19 15:18:05.187+0000 INFO  [o.n.k.i.DiagnosticsManager] Interface 802.11n Wireless LAN Card-VirtualBox NDIS Light-Weight Filter-0000:
2016-10-19 15:18:05.187+0000 INFO  [o.n.k.i.DiagnosticsManager] Interface 802.11n Wireless LAN Card-QoS Packet Scheduler-0000:
2016-10-19 15:18:05.187+0000 INFO  [o.n.k.i.DiagnosticsManager] Interface 802.11n Wireless LAN Card-WFP 802.3 MAC Layer LightWeight Filter-0000:
2016-10-19 15:18:05.187+0000 INFO  [o.n.k.i.DiagnosticsManager] Interface Microsoft Wi-Fi Direct Virtual Adapter-WFP Native MAC Layer LightWeight Filter-0000:
2016-10-19 15:18:05.187+0000 INFO  [o.n.k.i.DiagnosticsManager] Interface Microsoft Wi-Fi Direct Virtual Adapter-Native WiFi Filter Driver-0000:
2016-10-19 15:18:05.187+0000 INFO  [o.n.k.i.DiagnosticsManager] Interface Microsoft Wi-Fi Direct Virtual Adapter-VirtualBox NDIS Light-Weight Filter-0000:
2016-10-19 15:18:05.187+0000 INFO  [o.n.k.i.DiagnosticsManager] Interface Microsoft Wi-Fi Direct Virtual Adapter-QoS Packet Scheduler-0000:
2016-10-19 15:18:05.187+0000 INFO  [o.n.k.i.DiagnosticsManager] Interface Microsoft Wi-Fi Direct Virtual Adapter-WFP 802.3 MAC Layer LightWeight Filter-0000:
2016-10-19 15:18:05.188+0000 INFO  [o.n.k.i.DiagnosticsManager] --- INITIALIZED diagnostics END ---
2016-10-19 15:18:05.693+0000 INFO  [o.n.b.v.r.Sessions] No SSL certificate found, generating a self-signed certificate..
2016-10-19 15:18:07.732+0000 INFO  [o.n.b.v.r.Sessions] Bolt Server extension loaded.
2016-10-19 15:18:07.732+0000 INFO  [o.n.b.v.r.Sessions] Bolt enabled on localhost:7687.
2016-10-19 15:18:08.260+0000 INFO  [o.n.k.i.s.f.RecordFormatSelector] Selected format 'RecordFormat:StandardV3_0[v0.A.7]' for the new store
2016-10-19 15:18:10.625+0000 INFO  [o.n.k.a.i.l.LuceneLabelScanStore] No lucene scan store index found, this might just be first use. Preparing to rebuild.
2016-10-19 15:18:11.160+0000 INFO  [o.n.k.NeoStoreDataSource] Opened logical log [D:\githubfiles\DevDatabase\database_Ruben_Everwijn_Alexander_Ng.graphdb\neostore.transaction.db.0] version=0, lastTxId=1 (clean)
2016-10-19 15:18:11.184+0000 WARN  [o.n.k.i.s.MetaDataStore] Missing counts store, rebuilding it.
2016-10-19 15:18:11.315+0000 INFO  [o.n.k.a.i.l.LuceneLabelScanStore] Rebuilding lucene scan store, this may take a while
2016-10-19 15:18:11.354+0000 INFO  [o.n.k.a.i.l.LuceneLabelScanStore] Lucene scan store rebuilt (roughly 0 nodes)
2016-10-19 15:18:11.358+0000 INFO  [o.n.k.i.DatabaseHealth] Database health set to OK
2016-10-19 15:18:14.317+0000 INFO  [o.n.k.AvailabilityGuard] Fulfilling of requirement makes database available: Database available
2016-10-19 15:18:14.318+0000 INFO  [o.n.k.i.f.CommunityFacadeFactory] Database is now ready
2016-10-19 15:18:14.319+0000 INFO  [o.n.k.i.DiagnosticsManager] --- STARTED diagnostics for KernelDiagnostics:Versions START ---
2016-10-19 15:18:14.319+0000 INFO  [o.n.k.i.DiagnosticsManager] Graph Database: community single StoreId{creationTime=1476890290112, randomId=4573259668629441040, storeVersion=15531981201765894, upgradeTime=1476890290112, upgradeId=1}
2016-10-19 15:18:14.319+0000 INFO  [o.n.k.i.DiagnosticsManager] Kernel version: 3.0.6
2016-10-19 15:18:14.319+0000 INFO  [o.n.k.i.DiagnosticsManager] --- STARTED diagnostics for KernelDiagnostics:Versions END ---
2016-10-19 15:18:14.321+0000 INFO  [o.n.k.i.DiagnosticsManager] --- STARTED diagnostics for NEO_STORE_VERSIONS START ---
2016-10-19 15:18:14.321+0000 INFO  [o.n.k.i.DiagnosticsManager] Store versions:
2016-10-19 15:18:14.321+0000 INFO  [o.n.k.i.DiagnosticsManager] Store versions:
2016-10-19 15:18:14.321+0000 INFO  [o.n.k.i.DiagnosticsManager]   ArrayPropertyStore v0.A.7
2016-10-19 15:18:14.321+0000 INFO  [o.n.k.i.DiagnosticsManager]   NodeStore v0.A.7
2016-10-19 15:18:14.321+0000 INFO  [o.n.k.i.DiagnosticsManager]   StringPropertyStore v0.A.7
2016-10-19 15:18:14.322+0000 INFO  [o.n.k.i.DiagnosticsManager]   PropertyIndexStore v0.A.7
2016-10-19 15:18:14.322+0000 INFO  [o.n.k.i.DiagnosticsManager]   StringPropertyStore v0.A.7
2016-10-19 15:18:14.322+0000 INFO  [o.n.k.i.DiagnosticsManager]   ArrayPropertyStore v0.A.7
2016-10-19 15:18:14.322+0000 INFO  [o.n.k.i.DiagnosticsManager]   PropertyStore v0.A.7
2016-10-19 15:18:14.322+0000 INFO  [o.n.k.i.DiagnosticsManager]   RelationshipStore v0.A.7
2016-10-19 15:18:14.322+0000 INFO  [o.n.k.i.DiagnosticsManager]   StringPropertyStore v0.A.7
2016-10-19 15:18:14.322+0000 INFO  [o.n.k.i.DiagnosticsManager]   RelationshipTypeStore v0.A.7
2016-10-19 15:18:14.322+0000 INFO  [o.n.k.i.DiagnosticsManager]   StringPropertyStore v0.A.7
2016-10-19 15:18:14.322+0000 INFO  [o.n.k.i.DiagnosticsManager]   LabelTokenStore v0.A.7
2016-10-19 15:18:14.322+0000 INFO  [o.n.k.i.DiagnosticsManager]   SchemaStore v0.A.7
2016-10-19 15:18:14.322+0000 INFO  [o.n.k.i.DiagnosticsManager]   RelationshipGroupStore v0.A.7
2016-10-19 15:18:14.322+0000 INFO  [o.n.k.i.DiagnosticsManager]   NeoStore v0.A.7
2016-10-19 15:18:14.322+0000 INFO  [o.n.k.i.DiagnosticsManager] --- STARTED diagnostics for NEO_STORE_VERSIONS END ---
2016-10-19 15:18:14.322+0000 INFO  [o.n.k.i.DiagnosticsManager] --- STARTED diagnostics for NEO_STORE_ID_USAGE START ---
2016-10-19 15:18:14.322+0000 INFO  [o.n.k.i.DiagnosticsManager] Id usage:
2016-10-19 15:18:14.323+0000 INFO  [o.n.k.i.DiagnosticsManager] Id usage:
2016-10-19 15:18:14.323+0000 INFO  [o.n.k.i.DiagnosticsManager]   ArrayPropertyStore: used=1 high=0
2016-10-19 15:18:14.323+0000 INFO  [o.n.k.i.DiagnosticsManager]   NodeStore: used=0 high=-1
2016-10-19 15:18:14.323+0000 INFO  [o.n.k.i.DiagnosticsManager]   StringPropertyStore: used=1 high=0
2016-10-19 15:18:14.323+0000 INFO  [o.n.k.i.DiagnosticsManager]   PropertyIndexStore: used=0 high=-1
2016-10-19 15:18:14.323+0000 INFO  [o.n.k.i.DiagnosticsManager]   StringPropertyStore: used=1 high=0
2016-10-19 15:18:14.324+0000 INFO  [o.n.k.i.DiagnosticsManager]   ArrayPropertyStore: used=1 high=0
2016-10-19 15:18:14.324+0000 INFO  [o.n.k.i.DiagnosticsManager]   PropertyStore: used=0 high=-1
2016-10-19 15:18:14.324+0000 INFO  [o.n.k.i.DiagnosticsManager]   RelationshipStore: used=0 high=-1
2016-10-19 15:18:14.324+0000 INFO  [o.n.k.i.DiagnosticsManager]   StringPropertyStore: used=1 high=0
2016-10-19 15:18:14.324+0000 INFO  [o.n.k.i.DiagnosticsManager]   RelationshipTypeStore: used=0 high=-1
2016-10-19 15:18:14.324+0000 INFO  [o.n.k.i.DiagnosticsManager]   StringPropertyStore: used=1 high=0
2016-10-19 15:18:14.324+0000 INFO  [o.n.k.i.DiagnosticsManager]   LabelTokenStore: used=0 high=-1
2016-10-19 15:18:14.324+0000 INFO  [o.n.k.i.DiagnosticsManager]   SchemaStore: used=1 high=0
2016-10-19 15:18:14.324+0000 INFO  [o.n.k.i.DiagnosticsManager]   RelationshipGroupStore: used=1 high=0
2016-10-19 15:18:14.324+0000 INFO  [o.n.k.i.DiagnosticsManager]   NeoStore: used=15 high=14
2016-10-19 15:18:14.324+0000 INFO  [o.n.k.i.DiagnosticsManager] --- STARTED diagnostics for NEO_STORE_ID_USAGE END ---
2016-10-19 15:18:14.325+0000 INFO  [o.n.k.i.DiagnosticsManager] --- STARTED diagnostics for NEO_STORE_RECORDS START ---
2016-10-19 15:18:14.325+0000 INFO  [o.n.k.i.DiagnosticsManager] Neostore records:
2016-10-19 15:18:14.326+0000 INFO  [o.n.k.i.DiagnosticsManager] TIME (Creation time): 1476890290112
2016-10-19 15:18:14.326+0000 INFO  [o.n.k.i.DiagnosticsManager] RANDOM_NUMBER (Random number for store id): 4573259668629441040
2016-10-19 15:18:14.326+0000 INFO  [o.n.k.i.DiagnosticsManager] LOG_VERSION (Current log version): 0
2016-10-19 15:18:14.326+0000 INFO  [o.n.k.i.DiagnosticsManager] LAST_TRANSACTION_ID (Last committed transaction): 1
2016-10-19 15:18:14.326+0000 INFO  [o.n.k.i.DiagnosticsManager] STORE_VERSION (Store format version): 15531981201765894
2016-10-19 15:18:14.326+0000 INFO  [o.n.k.i.DiagnosticsManager] FIRST_GRAPH_PROPERTY (First property record containing graph properties): -1
2016-10-19 15:18:14.326+0000 INFO  [o.n.k.i.DiagnosticsManager] LAST_CONSTRAINT_TRANSACTION (Last committed transaction containing constraint changes): 0
2016-10-19 15:18:14.326+0000 INFO  [o.n.k.i.DiagnosticsManager] UPGRADE_TRANSACTION_ID (Transaction id most recent upgrade was performed at): 1
2016-10-19 15:18:14.326+0000 INFO  [o.n.k.i.DiagnosticsManager] UPGRADE_TIME (Time of last upgrade): 1476890290112
2016-10-19 15:18:14.326+0000 INFO  [o.n.k.i.DiagnosticsManager] LAST_TRANSACTION_CHECKSUM (Checksum of last committed transaction): 0
2016-10-19 15:18:14.326+0000 INFO  [o.n.k.i.DiagnosticsManager] UPGRADE_TRANSACTION_CHECKSUM (Checksum of transaction id the most recent upgrade was performed at): 0
2016-10-19 15:18:14.326+0000 INFO  [o.n.k.i.DiagnosticsManager] LAST_CLOSED_TRANSACTION_LOG_VERSION (Log version where the last transaction commit entry has been written into): 0
2016-10-19 15:18:14.326+0000 INFO  [o.n.k.i.DiagnosticsManager] LAST_CLOSED_TRANSACTION_LOG_BYTE_OFFSET (Byte offset in the log file where the last transaction commit entry has been written into): 16
2016-10-19 15:18:14.326+0000 INFO  [o.n.k.i.DiagnosticsManager] LAST_TRANSACTION_COMMIT_TIMESTAMP (Commit time timestamp for last committed transaction): 0
2016-10-19 15:18:14.326+0000 INFO  [o.n.k.i.DiagnosticsManager] UPGRADE_TRANSACTION_COMMIT_TIMESTAMP (Commit timestamp of transaction the most recent upgrade was performed at): 0
2016-10-19 15:18:14.327+0000 INFO  [o.n.k.i.DiagnosticsManager] --- STARTED diagnostics for NEO_STORE_RECORDS END ---
2016-10-19 15:18:14.327+0000 INFO  [o.n.k.i.DiagnosticsManager] --- STARTED diagnostics for TRANSACTION_RANGE START ---
2016-10-19 15:18:14.328+0000 INFO  [o.n.k.i.DiagnosticsManager] Transaction log:
2016-10-19 15:18:14.329+0000 INFO  [o.n.k.i.DiagnosticsManager] No transactions found in any log
2016-10-19 15:18:14.329+0000 INFO  [o.n.k.i.DiagnosticsManager] --- STARTED diagnostics for TRANSACTION_RANGE END ---
2016-10-19 15:18:14.329+0000 INFO  [o.n.k.i.DiagnosticsManager] --- STARTED diagnostics for KernelDiagnostics:StoreFiles START ---
2016-10-19 15:18:14.331+0000 INFO  [o.n.k.i.DiagnosticsManager] Disk space on partition (Total / Free / Free %): 427424739328 / 169964486656 / 39
Storage files: (filename : modification date - size)
2016-10-19 15:18:14.332+0000 INFO  [o.n.k.i.DiagnosticsManager]   certificates:
2016-10-19 15:18:14.332+0000 INFO  [o.n.k.i.DiagnosticsManager]     neo4j.cert: 2016-10-19T17:18:07+0200 - 1002.00 B
2016-10-19 15:18:14.333+0000 INFO  [o.n.k.i.DiagnosticsManager]     neo4j.key: 2016-10-19T17:18:07+0200 - 1.69 kB
2016-10-19 15:18:14.333+0000 INFO  [o.n.k.i.DiagnosticsManager]   - Total: 2016-10-19T17:18:07+0200 - 2.67 kB
2016-10-19 15:18:14.333+0000 INFO  [o.n.k.i.DiagnosticsManager]   data:
2016-10-19 15:18:14.333+0000 INFO  [o.n.k.i.DiagnosticsManager]     dbms:
2016-10-19 15:18:14.334+0000 INFO  [o.n.k.i.DiagnosticsManager]       auth: 2016-10-19T17:18:12+0200 - 137.00 B
2016-10-19 15:18:14.334+0000 INFO  [o.n.k.i.DiagnosticsManager]     - Total: 2016-10-19T17:18:12+0200 - 137.00 B
2016-10-19 15:18:14.334+0000 INFO  [o.n.k.i.DiagnosticsManager]   - Total: 2016-10-19T17:18:12+0200 - 137.00 B
2016-10-19 15:18:14.335+0000 INFO  [o.n.k.i.DiagnosticsManager]   index:
2016-10-19 15:18:14.335+0000 INFO  [o.n.k.i.DiagnosticsManager]   - Total: 2016-10-19T17:18:10+0200 - 0.00 B
2016-10-19 15:18:14.335+0000 INFO  [o.n.k.i.DiagnosticsManager]   logs:
2016-10-19 15:18:14.336+0000 INFO  [o.n.k.i.DiagnosticsManager]     debug.log: 2016-10-19T17:18:12+0200 - 32.92 kB
2016-10-19 15:18:14.336+0000 INFO  [o.n.k.i.DiagnosticsManager]   - Total: 2016-10-19T17:18:04+0200 - 32.92 kB
2016-10-19 15:18:14.337+0000 INFO  [o.n.k.i.DiagnosticsManager]   neostore: 2016-10-19T17:18:10+0200 - 8.00 kB
2016-10-19 15:18:14.337+0000 INFO  [o.n.k.i.DiagnosticsManager]   neostore.counts.db.a: 2016-10-19T17:18:11+0200 - 96.00 B
2016-10-19 15:18:14.337+0000 INFO  [o.n.k.i.DiagnosticsManager]   neostore.id: 2016-10-19T17:18:10+0200 - 9.00 B
2016-10-19 15:18:14.338+0000 INFO  [o.n.k.i.DiagnosticsManager]   neostore.labeltokenstore.db: 2016-10-19T17:18:09+0200 - 0.00 B
2016-10-19 15:18:14.338+0000 INFO  [o.n.k.i.DiagnosticsManager]   neostore.labeltokenstore.db.id: 2016-10-19T17:18:09+0200 - 9.00 B
2016-10-19 15:18:14.338+0000 INFO  [o.n.k.i.DiagnosticsManager]   neostore.labeltokenstore.db.names: 2016-10-19T17:18:09+0200 - 8.00 kB
2016-10-19 15:18:14.339+0000 INFO  [o.n.k.i.DiagnosticsManager]   neostore.labeltokenstore.db.names.id: 2016-10-19T17:18:09+0200 - 9.00 B
2016-10-19 15:18:14.339+0000 INFO  [o.n.k.i.DiagnosticsManager]   neostore.nodestore.db: 2016-10-19T17:18:08+0200 - 0.00 B
2016-10-19 15:18:14.339+0000 INFO  [o.n.k.i.DiagnosticsManager]   neostore.nodestore.db.id: 2016-10-19T17:18:08+0200 - 9.00 B
2016-10-19 15:18:14.340+0000 INFO  [o.n.k.i.DiagnosticsManager]   neostore.nodestore.db.labels: 2016-10-19T17:18:08+0200 - 8.00 kB
2016-10-19 15:18:14.340+0000 INFO  [o.n.k.i.DiagnosticsManager]   neostore.nodestore.db.labels.id: 2016-10-19T17:18:08+0200 - 9.00 B
2016-10-19 15:18:14.340+0000 INFO  [o.n.k.i.DiagnosticsManager]   neostore.propertystore.db: 2016-10-19T17:18:09+0200 - 0.00 B
2016-10-19 15:18:14.341+0000 INFO  [o.n.k.i.DiagnosticsManager]   neostore.propertystore.db.arrays: 2016-10-19T17:18:09+0200 - 8.00 kB
2016-10-19 15:18:14.341+0000 INFO  [o.n.k.i.DiagnosticsManager]   neostore.propertystore.db.arrays.id: 2016-10-19T17:18:09+0200 - 9.00 B
2016-10-19 15:18:14.341+0000 INFO  [o.n.k.i.DiagnosticsManager]   neostore.propertystore.db.id: 2016-10-19T17:18:09+0200 - 9.00 B
2016-10-19 15:18:14.342+0000 INFO  [o.n.k.i.DiagnosticsManager]   neostore.propertystore.db.index: 2016-10-19T17:18:08+0200 - 0.00 B
2016-10-19 15:18:14.342+0000 INFO  [o.n.k.i.DiagnosticsManager]   neostore.propertystore.db.index.id: 2016-10-19T17:18:08+0200 - 9.00 B
2016-10-19 15:18:14.342+0000 INFO  [o.n.k.i.DiagnosticsManager]   neostore.propertystore.db.index.keys: 2016-10-19T17:18:08+0200 - 8.00 kB
2016-10-19 15:18:14.343+0000 INFO  [o.n.k.i.DiagnosticsManager]   neostore.propertystore.db.index.keys.id: 2016-10-19T17:18:08+0200 - 9.00 B
2016-10-19 15:18:14.343+0000 INFO  [o.n.k.i.DiagnosticsManager]   neostore.propertystore.db.strings: 2016-10-19T17:18:08+0200 - 8.00 kB
2016-10-19 15:18:14.343+0000 INFO  [o.n.k.i.DiagnosticsManager]   neostore.propertystore.db.strings.id: 2016-10-19T17:18:09+0200 - 9.00 B
2016-10-19 15:18:14.344+0000 INFO  [o.n.k.i.DiagnosticsManager]   neostore.relationshipgroupstore.db: 2016-10-19T17:18:09+0200 - 8.00 kB
2016-10-19 15:18:14.344+0000 INFO  [o.n.k.i.DiagnosticsManager]   neostore.relationshipgroupstore.db.id: 2016-10-19T17:18:09+0200 - 9.00 B
2016-10-19 15:18:14.344+0000 INFO  [o.n.k.i.DiagnosticsManager]   neostore.relationshipstore.db: 2016-10-19T17:18:09+0200 - 0.00 B
2016-10-19 15:18:14.345+0000 INFO  [o.n.k.i.DiagnosticsManager]   neostore.relationshipstore.db.id: 2016-10-19T17:18:09+0200 - 9.00 B
2016-10-19 15:18:14.345+0000 INFO  [o.n.k.i.DiagnosticsManager]   neostore.relationshiptypestore.db: 2016-10-19T17:18:09+0200 - 0.00 B
2016-10-19 15:18:14.345+0000 INFO  [o.n.k.i.DiagnosticsManager]   neostore.relationshiptypestore.db.id: 2016-10-19T17:18:09+0200 - 9.00 B
2016-10-19 15:18:14.345+0000 INFO  [o.n.k.i.DiagnosticsManager]   neostore.relationshiptypestore.db.names: 2016-10-19T17:18:09+0200 - 8.00 kB
2016-10-19 15:18:14.346+0000 INFO  [o.n.k.i.DiagnosticsManager]   neostore.relationshiptypestore.db.names.id: 2016-10-19T17:18:09+0200 - 9.00 B
2016-10-19 15:18:14.346+0000 INFO  [o.n.k.i.DiagnosticsManager]   neostore.schemastore.db: 2016-10-19T17:18:09+0200 - 8.00 kB
2016-10-19 15:18:14.346+0000 INFO  [o.n.k.i.DiagnosticsManager]   neostore.schemastore.db.id: 2016-10-19T17:18:09+0200 - 9.00 B
2016-10-19 15:18:14.347+0000 INFO  [o.n.k.i.DiagnosticsManager]   neostore.transaction.db.0: 2016-10-19T17:18:11+0200 - 16.00 B
2016-10-19 15:18:14.347+0000 INFO  [o.n.k.i.DiagnosticsManager]   schema:
2016-10-19 15:18:14.347+0000 INFO  [o.n.k.i.DiagnosticsManager]     label:
2016-10-19 15:18:14.348+0000 INFO  [o.n.k.i.DiagnosticsManager]       lucene:
2016-10-19 15:18:14.348+0000 INFO  [o.n.k.i.DiagnosticsManager]         labelStore:
2016-10-19 15:18:14.348+0000 INFO  [o.n.k.i.DiagnosticsManager]           1:
2016-10-19 15:18:14.349+0000 INFO  [o.n.k.i.DiagnosticsManager]             write.lock: 2016-10-19T17:18:11+0200 - 0.00 B
2016-10-19 15:18:14.349+0000 INFO  [o.n.k.i.DiagnosticsManager]           - Total: 2016-10-19T17:18:11+0200 - 0.00 B
2016-10-19 15:18:14.349+0000 INFO  [o.n.k.i.DiagnosticsManager]           failure-message: 2016-10-19T17:18:10+0200 - 16.00 kB
2016-10-19 15:18:14.350+0000 INFO  [o.n.k.i.DiagnosticsManager]         - Total: 2016-10-19T17:18:10+0200 - 16.00 kB
2016-10-19 15:18:14.350+0000 INFO  [o.n.k.i.DiagnosticsManager]       - Total: 2016-10-19T17:18:10+0200 - 16.00 kB
2016-10-19 15:18:14.350+0000 INFO  [o.n.k.i.DiagnosticsManager]     - Total: 2016-10-19T17:18:10+0200 - 16.00 kB
2016-10-19 15:18:14.350+0000 INFO  [o.n.k.i.DiagnosticsManager]   - Total: 2016-10-19T17:18:10+0200 - 16.00 kB
2016-10-19 15:18:14.351+0000 INFO  [o.n.k.i.DiagnosticsManager]   store_lock: 2016-10-19T17:18:08+0200 - 0.00 B
2016-10-19 15:18:14.351+0000 INFO  [o.n.k.i.DiagnosticsManager] --- STARTED diagnostics for KernelDiagnostics:StoreFiles END ---
2016-10-19 15:18:20.164+0000 INFO  [o.n.k.i.DiagnosticsManager] --- SERVER STARTED START ---
2016-10-19 15:18:23.641+0000 WARN  [o.n.k.i.c.MonitorGc] GC Monitor: Application threads blocked for 237ms.
2016-10-19 15:18:23.876+0000 INFO  [o.n.k.i.DiagnosticsManager] --- SERVER STARTED END ---
2016-10-19 15:23:11.409+0000 INFO  [o.n.k.i.t.l.c.CheckPointerImpl] Check Pointing triggered by scheduler for time threshold [30]:  Starting check pointing...
2016-10-19 15:23:11.409+0000 INFO  [o.n.k.i.t.l.c.CheckPointerImpl] Check Pointing triggered by scheduler for time threshold [30]:  Starting store flush...
2016-10-19 15:23:11.528+0000 INFO  [o.n.k.i.s.c.CountsTracker] About to rotate counts store at transaction 30 to [D:\githubfiles\DevDatabase\database_Ruben_Everwijn_Alexander_Ng.graphdb\neostore.counts.db.b], from [D:\githubfiles\DevDatabase\database_Ruben_Everwijn_Alexander_Ng.graphdb\neostore.counts.db.a].
2016-10-19 15:23:11.533+0000 INFO  [o.n.k.i.s.c.CountsTracker] Successfully rotated counts store at transaction 30 to [D:\githubfiles\DevDatabase\database_Ruben_Everwijn_Alexander_Ng.graphdb\neostore.counts.db.b], from [D:\githubfiles\DevDatabase\database_Ruben_Everwijn_Alexander_Ng.graphdb\neostore.counts.db.a].
2016-10-19 15:23:11.979+0000 INFO  [o.n.k.i.t.l.c.CheckPointerImpl] Check Pointing triggered by scheduler for time threshold [30]:  Store flush completed
2016-10-19 15:23:11.979+0000 INFO  [o.n.k.i.t.l.c.CheckPointerImpl] Check Pointing triggered by scheduler for time threshold [30]:  Starting appending check point entry into the tx log...
2016-10-19 15:23:12.109+0000 INFO  [o.n.k.i.t.l.c.CheckPointerImpl] Check Pointing triggered by scheduler for time threshold [30]:  Appending check point entry into the tx log completed
2016-10-19 15:23:12.110+0000 INFO  [o.n.k.i.t.l.c.CheckPointerImpl] Check Pointing triggered by scheduler for time threshold [30]:  Check pointing completed
2016-10-19 15:23:12.110+0000 INFO  [o.n.k.i.t.l.p.LogPruningImpl] Log Rotation [0]:  Starting log pruning.
2016-10-19 15:23:12.110+0000 INFO  [o.n.k.i.t.l.p.LogPruningImpl] Log Rotation [0]:  Log pruning complete.
2016-10-19 16:18:24.280+0000 WARN  [o.n.k.i.c.MonitorGc] GC Monitor: Application threads blocked for 615ms.
2016-10-19 16:53:49.865+0000 INFO  [o.n.k.i.f.CommunityFacadeFactory] Shutdown started
2016-10-19 16:53:49.867+0000 INFO  [o.n.k.i.f.CommunityFacadeFactory] Database is now unavailable
2016-10-19 16:53:49.899+0000 INFO  [o.n.k.i.t.l.c.CheckPointerImpl] Check Pointing triggered by database shutdown [30]:  Starting check pointing...
2016-10-19 16:53:49.899+0000 INFO  [o.n.k.i.t.l.c.CheckPointerImpl] Check Pointing triggered by database shutdown [30]:  Starting store flush...
2016-10-19 16:53:49.920+0000 INFO  [o.n.k.i.t.l.c.CheckPointerImpl] Check Pointing triggered by database shutdown [30]:  Store flush completed
2016-10-19 16:53:49.920+0000 INFO  [o.n.k.i.t.l.c.CheckPointerImpl] Check Pointing triggered by database shutdown [30]:  Starting appending check point entry into the tx log...
2016-10-19 16:53:49.956+0000 INFO  [o.n.k.i.t.l.c.CheckPointerImpl] Check Pointing triggered by database shutdown [30]:  Appending check point entry into the tx log completed
2016-10-19 16:53:49.956+0000 INFO  [o.n.k.i.t.l.c.CheckPointerImpl] Check Pointing triggered by database shutdown [30]:  Check pointing completed
2016-10-19 16:53:49.956+0000 INFO  [o.n.k.i.t.l.p.LogPruningImpl] Log Rotation [0]:  Starting log pruning.
2016-10-19 16:53:49.957+0000 INFO  [o.n.k.i.t.l.p.LogPruningImpl] Log Rotation [0]:  Log pruning complete.
2016-10-19 16:53:52.319+0000 INFO  [o.n.k.i.DiagnosticsManager] --- STOPPING diagnostics START ---
2016-10-19 16:53:52.319+0000 INFO  [o.n.k.i.DiagnosticsManager] --- STOPPING diagnostics END ---
