2016-10-17 14:12:13.648+0000 INFO  [o.n.k.i.f.CommunityFacadeFactory] No locking implementation specified, defaulting to 'community'
2016-10-17 14:12:13.765+0000 INFO  [o.n.k.AvailabilityGuard] Requirement makes database unavailable: Database available
2016-10-17 14:12:14.022+0000 INFO  [o.n.k.i.DiagnosticsManager] --- INITIALIZED diagnostics START ---
2016-10-17 14:12:14.022+0000 INFO  [o.n.k.i.DiagnosticsManager] Neo4j Kernel properties:
2016-10-17 14:12:14.022+0000 INFO  [o.n.k.i.DiagnosticsManager] dbms.connector.http.enabled=true
2016-10-17 14:12:14.022+0000 INFO  [o.n.k.i.DiagnosticsManager] dbms.security.auth_enabled=true
2016-10-17 14:12:14.022+0000 INFO  [o.n.k.i.DiagnosticsManager] dbms.connector.bolt.type=BOLT
2016-10-17 14:12:14.022+0000 INFO  [o.n.k.i.DiagnosticsManager] unsupported.dbms.directories.neo4j_home=D:\RubenStudeert\Java\DevDatabase\database_Ruben_Everwijn_Alex_Ng.graphdb
2016-10-17 14:12:14.023+0000 INFO  [o.n.k.i.DiagnosticsManager] dbms.directories.import=import
2016-10-17 14:12:14.023+0000 INFO  [o.n.k.i.DiagnosticsManager] dbms.connector.bolt.tls_level=OPTIONAL
2016-10-17 14:12:14.023+0000 INFO  [o.n.k.i.DiagnosticsManager] dbms.shell.enabled=true
2016-10-17 14:12:14.023+0000 INFO  [o.n.k.i.DiagnosticsManager] dbms.connector.http.type=HTTP
2016-10-17 14:12:14.023+0000 INFO  [o.n.k.i.DiagnosticsManager] unsupported.dbms.directories.database=D:\RubenStudeert\Java\DevDatabase\database_Ruben_Everwijn_Alex_Ng.graphdb
2016-10-17 14:12:14.023+0000 INFO  [o.n.k.i.DiagnosticsManager] dbms.logs.http.enabled=false
2016-10-17 14:12:14.023+0000 INFO  [o.n.k.i.DiagnosticsManager] unsupported.dbms.security.auth_store.location=data\dbms\auth
2016-10-17 14:12:14.023+0000 INFO  [o.n.k.i.DiagnosticsManager] unsupported.dbms.edition=community
2016-10-17 14:12:14.023+0000 INFO  [o.n.k.i.DiagnosticsManager] dbms.connector.bolt.enabled=true
2016-10-17 14:12:14.023+0000 INFO  [o.n.k.i.DiagnosticsManager] Diagnostics providers:
2016-10-17 14:12:14.023+0000 INFO  [o.n.k.i.DiagnosticsManager] org.neo4j.kernel.configuration.Config
2016-10-17 14:12:14.024+0000 INFO  [o.n.k.i.DiagnosticsManager] org.neo4j.kernel.info.DiagnosticsManager
2016-10-17 14:12:14.024+0000 INFO  [o.n.k.i.DiagnosticsManager] SYSTEM_MEMORY
2016-10-17 14:12:14.024+0000 INFO  [o.n.k.i.DiagnosticsManager] JAVA_MEMORY
2016-10-17 14:12:14.024+0000 INFO  [o.n.k.i.DiagnosticsManager] OPERATING_SYSTEM
2016-10-17 14:12:14.024+0000 INFO  [o.n.k.i.DiagnosticsManager] JAVA_VIRTUAL_MACHINE
2016-10-17 14:12:14.024+0000 INFO  [o.n.k.i.DiagnosticsManager] CLASSPATH
2016-10-17 14:12:14.024+0000 INFO  [o.n.k.i.DiagnosticsManager] LIBRARY_PATH
2016-10-17 14:12:14.024+0000 INFO  [o.n.k.i.DiagnosticsManager] SYSTEM_PROPERTIES
2016-10-17 14:12:14.024+0000 INFO  [o.n.k.i.DiagnosticsManager] NETWORK
2016-10-17 14:12:14.024+0000 INFO  [o.n.k.i.DiagnosticsManager] System memory information:
2016-10-17 14:12:14.027+0000 INFO  [o.n.k.i.DiagnosticsManager] Total Physical memory: 15,89 GB
2016-10-17 14:12:14.027+0000 INFO  [o.n.k.i.DiagnosticsManager] Free Physical memory: 8,56 GB
2016-10-17 14:12:14.027+0000 INFO  [o.n.k.i.DiagnosticsManager] Committed virtual memory: 563,30 MB
2016-10-17 14:12:14.028+0000 INFO  [o.n.k.i.DiagnosticsManager] Total swap space: 18,76 GB
2016-10-17 14:12:14.028+0000 INFO  [o.n.k.i.DiagnosticsManager] Free swap space: 9,31 GB
2016-10-17 14:12:14.028+0000 INFO  [o.n.k.i.DiagnosticsManager] JVM memory information:
2016-10-17 14:12:14.028+0000 INFO  [o.n.k.i.DiagnosticsManager] Free  memory: 193,69 MB
2016-10-17 14:12:14.028+0000 INFO  [o.n.k.i.DiagnosticsManager] Total memory: 250,50 MB
2016-10-17 14:12:14.028+0000 INFO  [o.n.k.i.DiagnosticsManager] Max   memory: 3,53 GB
2016-10-17 14:12:14.034+0000 INFO  [o.n.k.i.DiagnosticsManager] Garbage Collector: PS Scavenge: [PS Eden Space, PS Survivor Space]
2016-10-17 14:12:14.034+0000 INFO  [o.n.k.i.DiagnosticsManager] Garbage Collector: PS MarkSweep: [PS Eden Space, PS Survivor Space, PS Old Gen]
2016-10-17 14:12:14.039+0000 INFO  [o.n.k.i.DiagnosticsManager] Memory Pool: Code Cache (Non-heap memory): committed=9,19 MB, used=9,11 MB, max=240,00 MB, threshold=0,00 B
2016-10-17 14:12:14.040+0000 INFO  [o.n.k.i.DiagnosticsManager] Memory Pool: Metaspace (Non-heap memory): committed=21,25 MB, used=20,45 MB, max=-1,00 B, threshold=0,00 B
2016-10-17 14:12:14.040+0000 INFO  [o.n.k.i.DiagnosticsManager] Memory Pool: Compressed Class Space (Non-heap memory): committed=3,00 MB, used=2,78 MB, max=1,00 GB, threshold=0,00 B
2016-10-17 14:12:14.040+0000 INFO  [o.n.k.i.DiagnosticsManager] Memory Pool: PS Eden Space (Heap memory): committed=64,00 MB, used=1,75 MB, max=1,30 GB, threshold=?
2016-10-17 14:12:14.040+0000 INFO  [o.n.k.i.DiagnosticsManager] Memory Pool: PS Survivor Space (Heap memory): committed=10,50 MB, used=0,00 B, max=10,50 MB, threshold=?
2016-10-17 14:12:14.041+0000 INFO  [o.n.k.i.DiagnosticsManager] Memory Pool: PS Old Gen (Heap memory): committed=176,00 MB, used=55,06 MB, max=2,65 GB, threshold=0,00 B
2016-10-17 14:12:14.041+0000 INFO  [o.n.k.i.DiagnosticsManager] Operating system information:
2016-10-17 14:12:14.041+0000 INFO  [o.n.k.i.DiagnosticsManager] Operating System: Windows 10; version: 10.0; arch: amd64; cpus: 8
2016-10-17 14:12:14.047+0000 INFO  [o.n.k.i.DiagnosticsManager] Process id: 13768@DESKTOP-J7N7TJD
2016-10-17 14:12:14.047+0000 INFO  [o.n.k.i.DiagnosticsManager] Byte order: LITTLE_ENDIAN
2016-10-17 14:12:14.047+0000 INFO  [o.n.k.i.DiagnosticsManager] Local timezone: Europe/Berlin
2016-10-17 14:12:14.047+0000 INFO  [o.n.k.i.DiagnosticsManager] JVM information:
2016-10-17 14:12:14.047+0000 INFO  [o.n.k.i.DiagnosticsManager] VM Name: Java HotSpot(TM) 64-Bit Server VM
2016-10-17 14:12:14.047+0000 INFO  [o.n.k.i.DiagnosticsManager] VM Vendor: Oracle Corporation
2016-10-17 14:12:14.047+0000 INFO  [o.n.k.i.DiagnosticsManager] VM Version: 25.102-b14
2016-10-17 14:12:14.048+0000 INFO  [o.n.k.i.DiagnosticsManager] JIT compiler: HotSpot 64-Bit Tiered Compilers
2016-10-17 14:12:14.048+0000 INFO  [o.n.k.i.DiagnosticsManager] VM Arguments: [-Dexe4j.semaphoreName=Local\c:_program_files_neo4j_ce_3.0.6_bin_neo4j-ce.exe, -Dexe4j.isInstall4j=true, -Dexe4j.moduleName=C:\Program Files\Neo4j CE 3.0.6\bin\neo4j-ce.exe, -Dexe4j.tempDir=, -Dexe4j.unextractedPosition=0, -Djava.library.path=C:\ProgramData\Oracle\Java\javapath;C:\Python34;C:\WINDOWS\system32;C:\WINDOWS;C:\WINDOWS\System32\Wbem;C:\WINDOWS\System32\WindowsPowerShell\v1.0\;C:\Program Files (x86)\Skype\Phone\;C:\Program Files\Microsoft\Web Platform Installer\;C:\Program Files\Java\jdk1.8.0_60\bin;C:\Program Files (x86)\Windows Live\Shared;C:\Program Files (x86)\NVIDIA Corporation\PhysX\Common;%SystemRoot%\system32;%SystemRoot%;%SystemRoot%\System32\Wbem;%SYSTEMROOT%\System32\WindowsPowerShell\v1.0\;C:\Users\mac_f\.dnx\bin;C:\Users\mac_f\AppData\Local\Programs\Python\Python34\;C:\Users\mac_f\AppData\Local\atom\bin;%USERPROFILE%\AppData\Local\Microsoft\WindowsApps;;c:\program files\java\jre1.8.0_102\bin, -Dexe4j.consoleCodepage=cp0, -Dinstall4j.launcherId=24, -Dinstall4j.swt=false]
2016-10-17 14:12:14.048+0000 INFO  [o.n.k.i.DiagnosticsManager] Java classpath:
2016-10-17 14:12:14.050+0000 INFO  [o.n.k.i.DiagnosticsManager]  [loader.1] file:/C:/Program%20Files/Java/jre1.8.0_102/lib/ext/cldrdata.jar
2016-10-17 14:12:14.050+0000 INFO  [o.n.k.i.DiagnosticsManager]  [loader.1] file:/C:/Program%20Files/Java/jre1.8.0_102/lib/ext/zipfs.jar
2016-10-17 14:12:14.050+0000 INFO  [o.n.k.i.DiagnosticsManager]  [loader.1] file:/C:/Program%20Files/Java/jre1.8.0_102/lib/ext/jfxrt.jar
2016-10-17 14:12:14.050+0000 INFO  [o.n.k.i.DiagnosticsManager]  [bootstrap] C:\Program Files\Java\jre1.8.0_102\lib\charsets.jar
2016-10-17 14:12:14.050+0000 INFO  [o.n.k.i.DiagnosticsManager]  [bootstrap] C:\Program Files\Java\jre1.8.0_102\lib\resources.jar
2016-10-17 14:12:14.051+0000 INFO  [o.n.k.i.DiagnosticsManager]  [bootstrap] C:\Program Files\Java\jre1.8.0_102\lib\jsse.jar
2016-10-17 14:12:14.051+0000 INFO  [o.n.k.i.DiagnosticsManager]  [loader.1] file:/C:/Program%20Files/Java/jre1.8.0_102/lib/ext/sunec.jar
2016-10-17 14:12:14.051+0000 INFO  [o.n.k.i.DiagnosticsManager]  [bootstrap] C:\Program Files\Java\jre1.8.0_102\lib\jfr.jar
2016-10-17 14:12:14.051+0000 INFO  [o.n.k.i.DiagnosticsManager]  [loader.0] file:/C:/Program%20Files/Neo4j%20CE%203.0.6/.install4j/i4jruntime.jar
2016-10-17 14:12:14.051+0000 INFO  [o.n.k.i.DiagnosticsManager]  [loader.1] file:/C:/Program%20Files/Java/jre1.8.0_102/lib/ext/nashorn.jar
2016-10-17 14:12:14.051+0000 INFO  [o.n.k.i.DiagnosticsManager]  [bootstrap] C:\Program Files\Java\jre1.8.0_102\lib\jce.jar
2016-10-17 14:12:14.051+0000 INFO  [o.n.k.i.DiagnosticsManager]  [loader.0] file:/C:/Program%20Files/Neo4j%20CE%203.0.6/bin/
2016-10-17 14:12:14.051+0000 INFO  [o.n.k.i.DiagnosticsManager]  [loader.1] file:/C:/Program%20Files/Java/jre1.8.0_102/lib/ext/sunmscapi.jar
2016-10-17 14:12:14.051+0000 INFO  [o.n.k.i.DiagnosticsManager]  [loader.1] file:/C:/Program%20Files/Java/jre1.8.0_102/lib/ext/sunpkcs11.jar
2016-10-17 14:12:14.051+0000 INFO  [o.n.k.i.DiagnosticsManager]  [loader.1] file:/C:/Program%20Files/Java/jre1.8.0_102/lib/ext/dnsns.jar
2016-10-17 14:12:14.051+0000 INFO  [o.n.k.i.DiagnosticsManager]  [bootstrap] C:\Program Files\Java\jre1.8.0_102\classes
2016-10-17 14:12:14.051+0000 INFO  [o.n.k.i.DiagnosticsManager]  [loader.1] file:/C:/Program%20Files/Java/jre1.8.0_102/lib/ext/sunjce_provider.jar
2016-10-17 14:12:14.051+0000 INFO  [o.n.k.i.DiagnosticsManager]  [loader.0] file:/C:/Program%20Files/Neo4j%20CE%203.0.6/bin/neo4j-desktop-3.0.6.jar
2016-10-17 14:12:14.051+0000 INFO  [o.n.k.i.DiagnosticsManager]  [classpath] C:\Program Files\Neo4j CE 3.0.6\bin\neo4j-desktop-3.0.6.jar
2016-10-17 14:12:14.051+0000 INFO  [o.n.k.i.DiagnosticsManager]  [bootstrap] C:\Program Files\Java\jre1.8.0_102\lib\rt.jar
2016-10-17 14:12:14.051+0000 INFO  [o.n.k.i.DiagnosticsManager]  [loader.1] file:/C:/Program%20Files/Java/jre1.8.0_102/lib/ext/jaccess.jar
2016-10-17 14:12:14.051+0000 INFO  [o.n.k.i.DiagnosticsManager]  [loader.1] file:/C:/Program%20Files/Java/jre1.8.0_102/lib/ext/access-bridge-64.jar
2016-10-17 14:12:14.051+0000 INFO  [o.n.k.i.DiagnosticsManager]  [loader.1] file:/C:/Program%20Files/Java/jre1.8.0_102/lib/ext/localedata.jar
2016-10-17 14:12:14.051+0000 INFO  [o.n.k.i.DiagnosticsManager]  [classpath] C:\Program Files\Neo4j CE 3.0.6\.install4j\i4jruntime.jar
2016-10-17 14:12:14.051+0000 INFO  [o.n.k.i.DiagnosticsManager]  [bootstrap] C:\Program Files\Java\jre1.8.0_102\lib\sunrsasign.jar
2016-10-17 14:12:14.051+0000 INFO  [o.n.k.i.DiagnosticsManager] Library path:
2016-10-17 14:12:14.052+0000 INFO  [o.n.k.i.DiagnosticsManager] C:\ProgramData\Oracle\Java\javapath
2016-10-17 14:12:14.052+0000 INFO  [o.n.k.i.DiagnosticsManager] C:\Python34
2016-10-17 14:12:14.052+0000 INFO  [o.n.k.i.DiagnosticsManager] C:\Windows\System32
2016-10-17 14:12:14.052+0000 INFO  [o.n.k.i.DiagnosticsManager] C:\Windows
2016-10-17 14:12:14.052+0000 INFO  [o.n.k.i.DiagnosticsManager] C:\Windows\System32\wbem
2016-10-17 14:12:14.052+0000 INFO  [o.n.k.i.DiagnosticsManager] C:\Windows\System32\WindowsPowerShell\v1.0
2016-10-17 14:12:14.053+0000 INFO  [o.n.k.i.DiagnosticsManager] C:\Program Files (x86)\Skype\Phone
2016-10-17 14:12:14.053+0000 INFO  [o.n.k.i.DiagnosticsManager] C:\Program Files\Microsoft\Web Platform Installer
2016-10-17 14:12:14.053+0000 INFO  [o.n.k.i.DiagnosticsManager] C:\Program Files\Java\jdk1.8.0_60\bin
2016-10-17 14:12:14.053+0000 INFO  [o.n.k.i.DiagnosticsManager] C:\Program Files (x86)\Windows Live\Shared
2016-10-17 14:12:14.053+0000 INFO  [o.n.k.i.DiagnosticsManager] C:\Program Files (x86)\NVIDIA Corporation\PhysX\Common
2016-10-17 14:12:14.054+0000 INFO  [o.n.k.i.DiagnosticsManager] C:\Program Files\Neo4j CE 3.0.6\bin\%SystemRoot%\system32
2016-10-17 14:12:14.054+0000 INFO  [o.n.k.i.DiagnosticsManager] C:\Program Files\Neo4j CE 3.0.6\bin\%SystemRoot%
2016-10-17 14:12:14.054+0000 INFO  [o.n.k.i.DiagnosticsManager] C:\Program Files\Neo4j CE 3.0.6\bin\%SystemRoot%\System32\Wbem
2016-10-17 14:12:14.054+0000 INFO  [o.n.k.i.DiagnosticsManager] C:\Program Files\Neo4j CE 3.0.6\bin\%SYSTEMROOT%\System32\WindowsPowerShell\v1.0
2016-10-17 14:12:14.054+0000 INFO  [o.n.k.i.DiagnosticsManager] C:\Users\mac_f\.dnx\bin
2016-10-17 14:12:14.055+0000 INFO  [o.n.k.i.DiagnosticsManager] C:\Users\mac_f\AppData\Local\Programs\Python\Python34
2016-10-17 14:12:14.055+0000 INFO  [o.n.k.i.DiagnosticsManager] C:\Users\mac_f\AppData\Local\atom\bin
2016-10-17 14:12:14.055+0000 INFO  [o.n.k.i.DiagnosticsManager] C:\Program Files\Neo4j CE 3.0.6\bin\%USERPROFILE%\AppData\Local\Microsoft\WindowsApps
2016-10-17 14:12:14.055+0000 INFO  [o.n.k.i.DiagnosticsManager] C:\Program Files\Neo4j CE 3.0.6\bin
2016-10-17 14:12:14.055+0000 INFO  [o.n.k.i.DiagnosticsManager] C:\Program Files\Java\jre1.8.0_102\bin
2016-10-17 14:12:14.055+0000 INFO  [o.n.k.i.DiagnosticsManager] System.properties:
2016-10-17 14:12:14.055+0000 INFO  [o.n.k.i.DiagnosticsManager] exe4j.moduleName = C:\Program Files\Neo4j CE 3.0.6\bin\neo4j-ce.exe
2016-10-17 14:12:14.055+0000 INFO  [o.n.k.i.DiagnosticsManager] exe4j.semaphoreName = Local\c:_program_files_neo4j_ce_3.0.6_bin_neo4j-ce.exe
2016-10-17 14:12:14.055+0000 INFO  [o.n.k.i.DiagnosticsManager] sun.boot.library.path = c:\program files\java\jre1.8.0_102\bin
2016-10-17 14:12:14.056+0000 INFO  [o.n.k.i.DiagnosticsManager] exe4j.consoleCodepage = cp0
2016-10-17 14:12:14.056+0000 INFO  [o.n.k.i.DiagnosticsManager] path.separator = ;
2016-10-17 14:12:14.056+0000 INFO  [o.n.k.i.DiagnosticsManager] file.encoding.pkg = sun.io
2016-10-17 14:12:14.056+0000 INFO  [o.n.k.i.DiagnosticsManager] user.country = NL
2016-10-17 14:12:14.056+0000 INFO  [o.n.k.i.DiagnosticsManager] user.script = 
2016-10-17 14:12:14.056+0000 INFO  [o.n.k.i.DiagnosticsManager] sun.os.patch.level = 
2016-10-17 14:12:14.056+0000 INFO  [o.n.k.i.DiagnosticsManager] install4j.exeDir = C:\Program Files\Neo4j CE 3.0.6\bin\
2016-10-17 14:12:14.056+0000 INFO  [o.n.k.i.DiagnosticsManager] user.dir = C:\Program Files\Neo4j CE 3.0.6\bin
2016-10-17 14:12:14.056+0000 INFO  [o.n.k.i.DiagnosticsManager] user.variant = 
2016-10-17 14:12:14.056+0000 INFO  [o.n.k.i.DiagnosticsManager] exe4j.tempDir = 
2016-10-17 14:12:14.056+0000 INFO  [o.n.k.i.DiagnosticsManager] sun.jnu.encoding = Cp1252
2016-10-17 14:12:14.056+0000 INFO  [o.n.k.i.DiagnosticsManager] unsupported.dbms.udc.source = desktop
2016-10-17 14:12:14.056+0000 INFO  [o.n.k.i.DiagnosticsManager] sun.awt.enableExtraMouseButtons = true
2016-10-17 14:12:14.056+0000 INFO  [o.n.k.i.DiagnosticsManager] install4j.launcherId = 24
2016-10-17 14:12:14.056+0000 INFO  [o.n.k.i.DiagnosticsManager] sun.management.compiler = HotSpot 64-Bit Tiered Compilers
2016-10-17 14:12:14.056+0000 INFO  [o.n.k.i.DiagnosticsManager] exe4j.isInstall4j = true
2016-10-17 14:12:14.056+0000 INFO  [o.n.k.i.DiagnosticsManager] install4j.swt = false
2016-10-17 14:12:14.056+0000 INFO  [o.n.k.i.DiagnosticsManager] user.home = C:\Users\mac_f
2016-10-17 14:12:14.056+0000 INFO  [o.n.k.i.DiagnosticsManager] user.timezone = Europe/Berlin
2016-10-17 14:12:14.056+0000 INFO  [o.n.k.i.DiagnosticsManager] file.encoding = Cp1252
2016-10-17 14:12:14.056+0000 INFO  [o.n.k.i.DiagnosticsManager] user.name = mac_f
2016-10-17 14:12:14.056+0000 INFO  [o.n.k.i.DiagnosticsManager] sun.java.command = C:\Program Files\Neo4j CE 3.0.6\bin\neo4j-ce.exe
2016-10-17 14:12:14.056+0000 INFO  [o.n.k.i.DiagnosticsManager] sun.arch.data.model = 64
2016-10-17 14:12:14.056+0000 INFO  [o.n.k.i.DiagnosticsManager] exe4j.launchName = C:\Program Files\Neo4j CE 3.0.6\bin\neo4j-ce.exe
2016-10-17 14:12:14.056+0000 INFO  [o.n.k.i.DiagnosticsManager] user.language = nl
2016-10-17 14:12:14.056+0000 INFO  [o.n.k.i.DiagnosticsManager] awt.toolkit = sun.awt.windows.WToolkit
2016-10-17 14:12:14.056+0000 INFO  [o.n.k.i.DiagnosticsManager] exe4j.unextractedPosition = 0
2016-10-17 14:12:14.056+0000 INFO  [o.n.k.i.DiagnosticsManager] install4j.appDir = C:\Program Files\Neo4j CE 3.0.6\
2016-10-17 14:12:14.056+0000 INFO  [o.n.k.i.DiagnosticsManager] file.separator = \
2016-10-17 14:12:14.056+0000 INFO  [o.n.k.i.DiagnosticsManager] sun.io.unicode.encoding = UnicodeLittle
2016-10-17 14:12:14.056+0000 INFO  [o.n.k.i.DiagnosticsManager] sun.cpu.endian = little
2016-10-17 14:12:14.056+0000 INFO  [o.n.k.i.DiagnosticsManager] sun.desktop = windows
2016-10-17 14:12:14.056+0000 INFO  [o.n.k.i.DiagnosticsManager] sun.cpu.isalist = amd64
2016-10-17 14:12:14.056+0000 INFO  [o.n.k.i.DiagnosticsManager] Network information:
2016-10-17 14:12:14.083+0000 INFO  [o.n.k.i.DiagnosticsManager] Interface Software Loopback Interface 1:
2016-10-17 14:12:14.083+0000 INFO  [o.n.k.i.DiagnosticsManager]     address: 127.0.0.1
2016-10-17 14:12:14.083+0000 INFO  [o.n.k.i.DiagnosticsManager]     address: 0:0:0:0:0:0:0:1
2016-10-17 14:12:14.083+0000 INFO  [o.n.k.i.DiagnosticsManager] Interface Bluetooth Device (Personal Area Network):
2016-10-17 14:12:14.083+0000 INFO  [o.n.k.i.DiagnosticsManager]     address: fe80:0:0:0:1cd5:bae9:6ee:7ecc%eth0
2016-10-17 14:12:14.083+0000 INFO  [o.n.k.i.DiagnosticsManager] Interface Microsoft ISATAP Adapter #2:
2016-10-17 14:12:14.083+0000 INFO  [o.n.k.i.DiagnosticsManager] Interface Bluetooth Device (RFCOMM Protocol TDI):
2016-10-17 14:12:14.083+0000 INFO  [o.n.k.i.DiagnosticsManager] Interface Microsoft ISATAP Adapter #3:
2016-10-17 14:12:14.083+0000 INFO  [o.n.k.i.DiagnosticsManager] Interface Teredo Tunneling Pseudo-Interface:
2016-10-17 14:12:14.084+0000 INFO  [o.n.k.i.DiagnosticsManager]     address: 2001:0:5ef5:79fd:2c1a:18b6:3f57:feef
2016-10-17 14:12:14.084+0000 INFO  [o.n.k.i.DiagnosticsManager]     address: fe80:0:0:0:2c1a:18b6:3f57:feef%net3
2016-10-17 14:12:14.084+0000 INFO  [o.n.k.i.DiagnosticsManager] Interface Microsoft Wi-Fi Direct Virtual Adapter #3:
2016-10-17 14:12:14.084+0000 INFO  [o.n.k.i.DiagnosticsManager] Interface Intel(R) Wireless-N 7260:
2016-10-17 14:12:14.084+0000 INFO  [o.n.k.i.DiagnosticsManager]     address: fe80:0:0:0:48f5:4500:2838:329d%wlan1
2016-10-17 14:12:14.084+0000 INFO  [o.n.k.i.DiagnosticsManager] Interface Microsoft Kernel Debug Network Adapter:
2016-10-17 14:12:14.084+0000 INFO  [o.n.k.i.DiagnosticsManager] Interface Microsoft ISATAP Adapter:
2016-10-17 14:12:14.084+0000 INFO  [o.n.k.i.DiagnosticsManager]     address: fe80:0:0:0:0:5efe:c0a8:110%net4
2016-10-17 14:12:14.084+0000 INFO  [o.n.k.i.DiagnosticsManager] Interface Microsoft Wi-Fi Direct Virtual Adapter #2:
2016-10-17 14:12:14.084+0000 INFO  [o.n.k.i.DiagnosticsManager] Interface Microsoft Wi-Fi Direct Virtual Adapter:
2016-10-17 14:12:14.084+0000 INFO  [o.n.k.i.DiagnosticsManager]     address: fe80:0:0:0:4dc0:7d1f:f1bb:e53d%wlan3
2016-10-17 14:12:14.084+0000 INFO  [o.n.k.i.DiagnosticsManager] Interface This Killer e2200 Network Controller connects you to the network.:
2016-10-17 14:12:14.084+0000 INFO  [o.n.k.i.DiagnosticsManager]     address: 192.168.1.16
2016-10-17 14:12:14.084+0000 INFO  [o.n.k.i.DiagnosticsManager]     address: fe80:0:0:0:a9bf:3534:77e5:7c9c%eth2
2016-10-17 14:12:14.084+0000 INFO  [o.n.k.i.DiagnosticsManager] Interface This Killer e2200 Network Controller connects you to the network.-WFP Native MAC Layer LightWeight Filter-0000:
2016-10-17 14:12:14.084+0000 INFO  [o.n.k.i.DiagnosticsManager] Interface This Killer e2200 Network Controller connects you to the network.-QoS Packet Scheduler-0000:
2016-10-17 14:12:14.084+0000 INFO  [o.n.k.i.DiagnosticsManager] Interface This Killer e2200 Network Controller connects you to the network.-WFP 802.3 MAC Layer LightWeight Filter-0000:
2016-10-17 14:12:14.084+0000 INFO  [o.n.k.i.DiagnosticsManager] Interface Intel(R) Wireless-N 7260-WFP Native MAC Layer LightWeight Filter-0000:
2016-10-17 14:12:14.084+0000 INFO  [o.n.k.i.DiagnosticsManager] Interface Intel(R) Wireless-N 7260-Virtual WiFi Filter Driver-0000:
2016-10-17 14:12:14.084+0000 INFO  [o.n.k.i.DiagnosticsManager] Interface Intel(R) Wireless-N 7260-Native WiFi Filter Driver-0000:
2016-10-17 14:12:14.084+0000 INFO  [o.n.k.i.DiagnosticsManager] Interface Intel(R) Wireless-N 7260-QoS Packet Scheduler-0000:
2016-10-17 14:12:14.085+0000 INFO  [o.n.k.i.DiagnosticsManager] Interface Intel(R) Wireless-N 7260-WFP 802.3 MAC Layer LightWeight Filter-0000:
2016-10-17 14:12:14.085+0000 INFO  [o.n.k.i.DiagnosticsManager] Interface Microsoft Wi-Fi Direct Virtual Adapter-WFP Native MAC Layer LightWeight Filter-0000:
2016-10-17 14:12:14.085+0000 INFO  [o.n.k.i.DiagnosticsManager] Interface Microsoft Wi-Fi Direct Virtual Adapter-Native WiFi Filter Driver-0000:
2016-10-17 14:12:14.085+0000 INFO  [o.n.k.i.DiagnosticsManager] Interface Microsoft Wi-Fi Direct Virtual Adapter-QoS Packet Scheduler-0000:
2016-10-17 14:12:14.085+0000 INFO  [o.n.k.i.DiagnosticsManager] Interface Microsoft Wi-Fi Direct Virtual Adapter-WFP 802.3 MAC Layer LightWeight Filter-0000:
2016-10-17 14:12:14.085+0000 INFO  [o.n.k.i.DiagnosticsManager] --- INITIALIZED diagnostics END ---
2016-10-17 14:12:14.161+0000 INFO  [o.n.b.v.r.Sessions] No SSL certificate found, generating a self-signed certificate..
2016-10-17 14:12:15.421+0000 INFO  [o.n.b.v.r.Sessions] Bolt Server extension loaded.
2016-10-17 14:12:15.422+0000 INFO  [o.n.b.v.r.Sessions] Bolt enabled on localhost:7687.
2016-10-17 14:12:15.529+0000 INFO  [o.n.k.i.s.f.RecordFormatSelector] Selected format 'RecordFormat:StandardV3_0[v0.A.7]' for the new store
2016-10-17 14:12:17.655+0000 INFO  [o.n.k.a.i.l.LuceneLabelScanStore] No lucene scan store index found, this might just be first use. Preparing to rebuild.
2016-10-17 14:12:17.859+0000 INFO  [o.n.k.NeoStoreDataSource] Opened logical log [D:\RubenStudeert\Java\DevDatabase\database_Ruben_Everwijn_Alex_Ng.graphdb\neostore.transaction.db.0] version=0, lastTxId=1 (clean)
2016-10-17 14:12:17.866+0000 WARN  [o.n.k.i.s.MetaDataStore] Missing counts store, rebuilding it.
2016-10-17 14:12:17.953+0000 INFO  [o.n.k.a.i.l.LuceneLabelScanStore] Rebuilding lucene scan store, this may take a while
2016-10-17 14:12:17.962+0000 INFO  [o.n.k.a.i.l.LuceneLabelScanStore] Lucene scan store rebuilt (roughly 0 nodes)
2016-10-17 14:12:17.965+0000 INFO  [o.n.k.i.DatabaseHealth] Database health set to OK
2016-10-17 14:12:19.655+0000 INFO  [o.n.k.AvailabilityGuard] Fulfilling of requirement makes database available: Database available
2016-10-17 14:12:19.656+0000 INFO  [o.n.k.i.f.CommunityFacadeFactory] Database is now ready
2016-10-17 14:12:19.657+0000 INFO  [o.n.k.i.DiagnosticsManager] --- STARTED diagnostics for KernelDiagnostics:Versions START ---
2016-10-17 14:12:19.657+0000 INFO  [o.n.k.i.DiagnosticsManager] Graph Database: community single StoreId{creationTime=1476713537413, randomId=-5113637106231696357, storeVersion=15531981201765894, upgradeTime=1476713537413, upgradeId=1}
2016-10-17 14:12:19.657+0000 INFO  [o.n.k.i.DiagnosticsManager] Kernel version: 3.0.6
2016-10-17 14:12:19.657+0000 INFO  [o.n.k.i.DiagnosticsManager] --- STARTED diagnostics for KernelDiagnostics:Versions END ---
2016-10-17 14:12:19.658+0000 INFO  [o.n.k.i.DiagnosticsManager] --- STARTED diagnostics for NEO_STORE_VERSIONS START ---
2016-10-17 14:12:19.659+0000 INFO  [o.n.k.i.DiagnosticsManager] Store versions:
2016-10-17 14:12:19.659+0000 INFO  [o.n.k.i.DiagnosticsManager] Store versions:
2016-10-17 14:12:19.659+0000 INFO  [o.n.k.i.DiagnosticsManager]   ArrayPropertyStore v0.A.7
2016-10-17 14:12:19.659+0000 INFO  [o.n.k.i.DiagnosticsManager]   NodeStore v0.A.7
2016-10-17 14:12:19.659+0000 INFO  [o.n.k.i.DiagnosticsManager]   StringPropertyStore v0.A.7
2016-10-17 14:12:19.659+0000 INFO  [o.n.k.i.DiagnosticsManager]   PropertyIndexStore v0.A.7
2016-10-17 14:12:19.659+0000 INFO  [o.n.k.i.DiagnosticsManager]   StringPropertyStore v0.A.7
2016-10-17 14:12:19.659+0000 INFO  [o.n.k.i.DiagnosticsManager]   ArrayPropertyStore v0.A.7
2016-10-17 14:12:19.659+0000 INFO  [o.n.k.i.DiagnosticsManager]   PropertyStore v0.A.7
2016-10-17 14:12:19.659+0000 INFO  [o.n.k.i.DiagnosticsManager]   RelationshipStore v0.A.7
2016-10-17 14:12:19.659+0000 INFO  [o.n.k.i.DiagnosticsManager]   StringPropertyStore v0.A.7
2016-10-17 14:12:19.659+0000 INFO  [o.n.k.i.DiagnosticsManager]   RelationshipTypeStore v0.A.7
2016-10-17 14:12:19.659+0000 INFO  [o.n.k.i.DiagnosticsManager]   StringPropertyStore v0.A.7
2016-10-17 14:12:19.659+0000 INFO  [o.n.k.i.DiagnosticsManager]   LabelTokenStore v0.A.7
2016-10-17 14:12:19.659+0000 INFO  [o.n.k.i.DiagnosticsManager]   SchemaStore v0.A.7
2016-10-17 14:12:19.659+0000 INFO  [o.n.k.i.DiagnosticsManager]   RelationshipGroupStore v0.A.7
2016-10-17 14:12:19.659+0000 INFO  [o.n.k.i.DiagnosticsManager]   NeoStore v0.A.7
2016-10-17 14:12:19.659+0000 INFO  [o.n.k.i.DiagnosticsManager] --- STARTED diagnostics for NEO_STORE_VERSIONS END ---
2016-10-17 14:12:19.659+0000 INFO  [o.n.k.i.DiagnosticsManager] --- STARTED diagnostics for NEO_STORE_ID_USAGE START ---
2016-10-17 14:12:19.659+0000 INFO  [o.n.k.i.DiagnosticsManager] Id usage:
2016-10-17 14:12:19.659+0000 INFO  [o.n.k.i.DiagnosticsManager] Id usage:
2016-10-17 14:12:19.660+0000 INFO  [o.n.k.i.DiagnosticsManager]   ArrayPropertyStore: used=1 high=0
2016-10-17 14:12:19.660+0000 INFO  [o.n.k.i.DiagnosticsManager]   NodeStore: used=0 high=-1
2016-10-17 14:12:19.660+0000 INFO  [o.n.k.i.DiagnosticsManager]   StringPropertyStore: used=1 high=0
2016-10-17 14:12:19.660+0000 INFO  [o.n.k.i.DiagnosticsManager]   PropertyIndexStore: used=0 high=-1
2016-10-17 14:12:19.660+0000 INFO  [o.n.k.i.DiagnosticsManager]   StringPropertyStore: used=1 high=0
2016-10-17 14:12:19.660+0000 INFO  [o.n.k.i.DiagnosticsManager]   ArrayPropertyStore: used=1 high=0
2016-10-17 14:12:19.660+0000 INFO  [o.n.k.i.DiagnosticsManager]   PropertyStore: used=0 high=-1
2016-10-17 14:12:19.660+0000 INFO  [o.n.k.i.DiagnosticsManager]   RelationshipStore: used=0 high=-1
2016-10-17 14:12:19.660+0000 INFO  [o.n.k.i.DiagnosticsManager]   StringPropertyStore: used=1 high=0
2016-10-17 14:12:19.661+0000 INFO  [o.n.k.i.DiagnosticsManager]   RelationshipTypeStore: used=0 high=-1
2016-10-17 14:12:19.661+0000 INFO  [o.n.k.i.DiagnosticsManager]   StringPropertyStore: used=1 high=0
2016-10-17 14:12:19.661+0000 INFO  [o.n.k.i.DiagnosticsManager]   LabelTokenStore: used=0 high=-1
2016-10-17 14:12:19.661+0000 INFO  [o.n.k.i.DiagnosticsManager]   SchemaStore: used=1 high=0
2016-10-17 14:12:19.661+0000 INFO  [o.n.k.i.DiagnosticsManager]   RelationshipGroupStore: used=1 high=0
2016-10-17 14:12:19.661+0000 INFO  [o.n.k.i.DiagnosticsManager]   NeoStore: used=15 high=14
2016-10-17 14:12:19.661+0000 INFO  [o.n.k.i.DiagnosticsManager] --- STARTED diagnostics for NEO_STORE_ID_USAGE END ---
2016-10-17 14:12:19.661+0000 INFO  [o.n.k.i.DiagnosticsManager] --- STARTED diagnostics for NEO_STORE_RECORDS START ---
2016-10-17 14:12:19.661+0000 INFO  [o.n.k.i.DiagnosticsManager] Neostore records:
2016-10-17 14:12:19.662+0000 INFO  [o.n.k.i.DiagnosticsManager] TIME (Creation time): 1476713537413
2016-10-17 14:12:19.662+0000 INFO  [o.n.k.i.DiagnosticsManager] RANDOM_NUMBER (Random number for store id): -5113637106231696357
2016-10-17 14:12:19.662+0000 INFO  [o.n.k.i.DiagnosticsManager] LOG_VERSION (Current log version): 0
2016-10-17 14:12:19.662+0000 INFO  [o.n.k.i.DiagnosticsManager] LAST_TRANSACTION_ID (Last committed transaction): 1
2016-10-17 14:12:19.662+0000 INFO  [o.n.k.i.DiagnosticsManager] STORE_VERSION (Store format version): 15531981201765894
2016-10-17 14:12:19.662+0000 INFO  [o.n.k.i.DiagnosticsManager] FIRST_GRAPH_PROPERTY (First property record containing graph properties): -1
2016-10-17 14:12:19.662+0000 INFO  [o.n.k.i.DiagnosticsManager] LAST_CONSTRAINT_TRANSACTION (Last committed transaction containing constraint changes): 0
2016-10-17 14:12:19.662+0000 INFO  [o.n.k.i.DiagnosticsManager] UPGRADE_TRANSACTION_ID (Transaction id most recent upgrade was performed at): 1
2016-10-17 14:12:19.662+0000 INFO  [o.n.k.i.DiagnosticsManager] UPGRADE_TIME (Time of last upgrade): 1476713537413
2016-10-17 14:12:19.662+0000 INFO  [o.n.k.i.DiagnosticsManager] LAST_TRANSACTION_CHECKSUM (Checksum of last committed transaction): 0
2016-10-17 14:12:19.662+0000 INFO  [o.n.k.i.DiagnosticsManager] UPGRADE_TRANSACTION_CHECKSUM (Checksum of transaction id the most recent upgrade was performed at): 0
2016-10-17 14:12:19.662+0000 INFO  [o.n.k.i.DiagnosticsManager] LAST_CLOSED_TRANSACTION_LOG_VERSION (Log version where the last transaction commit entry has been written into): 0
2016-10-17 14:12:19.662+0000 INFO  [o.n.k.i.DiagnosticsManager] LAST_CLOSED_TRANSACTION_LOG_BYTE_OFFSET (Byte offset in the log file where the last transaction commit entry has been written into): 16
2016-10-17 14:12:19.662+0000 INFO  [o.n.k.i.DiagnosticsManager] LAST_TRANSACTION_COMMIT_TIMESTAMP (Commit time timestamp for last committed transaction): 0
2016-10-17 14:12:19.662+0000 INFO  [o.n.k.i.DiagnosticsManager] UPGRADE_TRANSACTION_COMMIT_TIMESTAMP (Commit timestamp of transaction the most recent upgrade was performed at): 0
2016-10-17 14:12:19.663+0000 INFO  [o.n.k.i.DiagnosticsManager] --- STARTED diagnostics for NEO_STORE_RECORDS END ---
2016-10-17 14:12:19.663+0000 INFO  [o.n.k.i.DiagnosticsManager] --- STARTED diagnostics for TRANSACTION_RANGE START ---
2016-10-17 14:12:19.664+0000 INFO  [o.n.k.i.DiagnosticsManager] Transaction log:
2016-10-17 14:12:19.664+0000 INFO  [o.n.k.i.DiagnosticsManager] No transactions found in any log
2016-10-17 14:12:19.664+0000 INFO  [o.n.k.i.DiagnosticsManager] --- STARTED diagnostics for TRANSACTION_RANGE END ---
2016-10-17 14:12:19.665+0000 INFO  [o.n.k.i.DiagnosticsManager] --- STARTED diagnostics for KernelDiagnostics:StoreFiles START ---
2016-10-17 14:12:19.667+0000 INFO  [o.n.k.i.DiagnosticsManager] Disk space on partition (Total / Free / Free %): 935229124608 / 826154954752 / 88
Storage files: (filename : modification date - size)
2016-10-17 14:12:19.668+0000 INFO  [o.n.k.i.DiagnosticsManager]   certificates:
2016-10-17 14:12:19.668+0000 INFO  [o.n.k.i.DiagnosticsManager]     neo4j.cert: 2016-10-17T16:12:15+0200 - 1002,00 B
2016-10-17 14:12:19.668+0000 INFO  [o.n.k.i.DiagnosticsManager]     neo4j.key: 2016-10-17T16:12:15+0200 - 1,70 kB
2016-10-17 14:12:19.668+0000 INFO  [o.n.k.i.DiagnosticsManager]   - Total: 2016-10-17T16:12:15+0200 - 2,67 kB
2016-10-17 14:12:19.669+0000 INFO  [o.n.k.i.DiagnosticsManager]   data:
2016-10-17 14:12:19.669+0000 INFO  [o.n.k.i.DiagnosticsManager]     dbms:
2016-10-17 14:12:19.669+0000 INFO  [o.n.k.i.DiagnosticsManager]       auth: 2016-10-17T16:12:18+0200 - 137,00 B
2016-10-17 14:12:19.669+0000 INFO  [o.n.k.i.DiagnosticsManager]     - Total: 2016-10-17T16:12:18+0200 - 137,00 B
2016-10-17 14:12:19.669+0000 INFO  [o.n.k.i.DiagnosticsManager]   - Total: 2016-10-17T16:12:18+0200 - 137,00 B
2016-10-17 14:12:19.669+0000 INFO  [o.n.k.i.DiagnosticsManager]   index:
2016-10-17 14:12:19.670+0000 INFO  [o.n.k.i.DiagnosticsManager]   - Total: 2016-10-17T16:12:17+0200 - 0,00 B
2016-10-17 14:12:19.670+0000 INFO  [o.n.k.i.DiagnosticsManager]   logs:
2016-10-17 14:12:19.673+0000 INFO  [o.n.k.i.DiagnosticsManager]     debug.log: 2016-10-17T16:12:19+0200 - 30,55 kB
2016-10-17 14:12:19.674+0000 INFO  [o.n.k.i.DiagnosticsManager]   - Total: 2016-10-17T16:12:13+0200 - 30,55 kB
2016-10-17 14:12:19.674+0000 INFO  [o.n.k.i.DiagnosticsManager]   neostore: 2016-10-17T16:12:17+0200 - 8,00 kB
2016-10-17 14:12:19.674+0000 INFO  [o.n.k.i.DiagnosticsManager]   neostore.counts.db.a: 2016-10-17T16:12:17+0200 - 96,00 B
2016-10-17 14:12:19.675+0000 INFO  [o.n.k.i.DiagnosticsManager]   neostore.id: 2016-10-17T16:12:17+0200 - 9,00 B
2016-10-17 14:12:19.675+0000 INFO  [o.n.k.i.DiagnosticsManager]   neostore.labeltokenstore.db: 2016-10-17T16:12:16+0200 - 0,00 B
2016-10-17 14:12:19.675+0000 INFO  [o.n.k.i.DiagnosticsManager]   neostore.labeltokenstore.db.id: 2016-10-17T16:12:16+0200 - 9,00 B
2016-10-17 14:12:19.676+0000 INFO  [o.n.k.i.DiagnosticsManager]   neostore.labeltokenstore.db.names: 2016-10-17T16:12:16+0200 - 8,00 kB
2016-10-17 14:12:19.676+0000 INFO  [o.n.k.i.DiagnosticsManager]   neostore.labeltokenstore.db.names.id: 2016-10-17T16:12:16+0200 - 9,00 B
2016-10-17 14:12:19.677+0000 INFO  [o.n.k.i.DiagnosticsManager]   neostore.nodestore.db: 2016-10-17T16:12:15+0200 - 0,00 B
2016-10-17 14:12:19.677+0000 INFO  [o.n.k.i.DiagnosticsManager]   neostore.nodestore.db.id: 2016-10-17T16:12:15+0200 - 9,00 B
2016-10-17 14:12:19.677+0000 INFO  [o.n.k.i.DiagnosticsManager]   neostore.nodestore.db.labels: 2016-10-17T16:12:15+0200 - 8,00 kB
2016-10-17 14:12:19.678+0000 INFO  [o.n.k.i.DiagnosticsManager]   neostore.nodestore.db.labels.id: 2016-10-17T16:12:15+0200 - 9,00 B
2016-10-17 14:12:19.678+0000 INFO  [o.n.k.i.DiagnosticsManager]   neostore.propertystore.db: 2016-10-17T16:12:16+0200 - 0,00 B
2016-10-17 14:12:19.679+0000 INFO  [o.n.k.i.DiagnosticsManager]   neostore.propertystore.db.arrays: 2016-10-17T16:12:16+0200 - 8,00 kB
2016-10-17 14:12:19.679+0000 INFO  [o.n.k.i.DiagnosticsManager]   neostore.propertystore.db.arrays.id: 2016-10-17T16:12:16+0200 - 9,00 B
2016-10-17 14:12:19.680+0000 INFO  [o.n.k.i.DiagnosticsManager]   neostore.propertystore.db.id: 2016-10-17T16:12:16+0200 - 9,00 B
2016-10-17 14:12:19.680+0000 INFO  [o.n.k.i.DiagnosticsManager]   neostore.propertystore.db.index: 2016-10-17T16:12:15+0200 - 0,00 B
2016-10-17 14:12:19.681+0000 INFO  [o.n.k.i.DiagnosticsManager]   neostore.propertystore.db.index.id: 2016-10-17T16:12:16+0200 - 9,00 B
2016-10-17 14:12:19.681+0000 INFO  [o.n.k.i.DiagnosticsManager]   neostore.propertystore.db.index.keys: 2016-10-17T16:12:15+0200 - 8,00 kB
2016-10-17 14:12:19.682+0000 INFO  [o.n.k.i.DiagnosticsManager]   neostore.propertystore.db.index.keys.id: 2016-10-17T16:12:15+0200 - 9,00 B
2016-10-17 14:12:19.682+0000 INFO  [o.n.k.i.DiagnosticsManager]   neostore.propertystore.db.strings: 2016-10-17T16:12:16+0200 - 8,00 kB
2016-10-17 14:12:19.683+0000 INFO  [o.n.k.i.DiagnosticsManager]   neostore.propertystore.db.strings.id: 2016-10-17T16:12:16+0200 - 9,00 B
2016-10-17 14:12:19.683+0000 INFO  [o.n.k.i.DiagnosticsManager]   neostore.relationshipgroupstore.db: 2016-10-17T16:12:17+0200 - 8,00 kB
2016-10-17 14:12:19.683+0000 INFO  [o.n.k.i.DiagnosticsManager]   neostore.relationshipgroupstore.db.id: 2016-10-17T16:12:17+0200 - 9,00 B
2016-10-17 14:12:19.684+0000 INFO  [o.n.k.i.DiagnosticsManager]   neostore.relationshipstore.db: 2016-10-17T16:12:16+0200 - 0,00 B
2016-10-17 14:12:19.684+0000 INFO  [o.n.k.i.DiagnosticsManager]   neostore.relationshipstore.db.id: 2016-10-17T16:12:16+0200 - 9,00 B
2016-10-17 14:12:19.684+0000 INFO  [o.n.k.i.DiagnosticsManager]   neostore.relationshiptypestore.db: 2016-10-17T16:12:16+0200 - 0,00 B
2016-10-17 14:12:19.685+0000 INFO  [o.n.k.i.DiagnosticsManager]   neostore.relationshiptypestore.db.id: 2016-10-17T16:12:16+0200 - 9,00 B
2016-10-17 14:12:19.685+0000 INFO  [o.n.k.i.DiagnosticsManager]   neostore.relationshiptypestore.db.names: 2016-10-17T16:12:16+0200 - 8,00 kB
2016-10-17 14:12:19.685+0000 INFO  [o.n.k.i.DiagnosticsManager]   neostore.relationshiptypestore.db.names.id: 2016-10-17T16:12:16+0200 - 9,00 B
2016-10-17 14:12:19.686+0000 INFO  [o.n.k.i.DiagnosticsManager]   neostore.schemastore.db: 2016-10-17T16:12:17+0200 - 8,00 kB
2016-10-17 14:12:19.686+0000 INFO  [o.n.k.i.DiagnosticsManager]   neostore.schemastore.db.id: 2016-10-17T16:12:17+0200 - 9,00 B
2016-10-17 14:12:19.687+0000 INFO  [o.n.k.i.DiagnosticsManager]   neostore.transaction.db.0: 2016-10-17T16:12:17+0200 - 16,00 B
2016-10-17 14:12:19.687+0000 INFO  [o.n.k.i.DiagnosticsManager]   schema:
2016-10-17 14:12:19.687+0000 INFO  [o.n.k.i.DiagnosticsManager]     label:
2016-10-17 14:12:19.687+0000 INFO  [o.n.k.i.DiagnosticsManager]       lucene:
2016-10-17 14:12:19.687+0000 INFO  [o.n.k.i.DiagnosticsManager]         labelStore:
2016-10-17 14:12:19.687+0000 INFO  [o.n.k.i.DiagnosticsManager]           1:
2016-10-17 14:12:19.688+0000 INFO  [o.n.k.i.DiagnosticsManager]             write.lock: 2016-10-17T16:12:17+0200 - 0,00 B
2016-10-17 14:12:19.688+0000 INFO  [o.n.k.i.DiagnosticsManager]           - Total: 2016-10-17T16:12:17+0200 - 0,00 B
2016-10-17 14:12:19.688+0000 INFO  [o.n.k.i.DiagnosticsManager]           failure-message: 2016-10-17T16:12:17+0200 - 16,00 kB
2016-10-17 14:12:19.688+0000 INFO  [o.n.k.i.DiagnosticsManager]         - Total: 2016-10-17T16:12:17+0200 - 16,00 kB
2016-10-17 14:12:19.689+0000 INFO  [o.n.k.i.DiagnosticsManager]       - Total: 2016-10-17T16:12:17+0200 - 16,00 kB
2016-10-17 14:12:19.689+0000 INFO  [o.n.k.i.DiagnosticsManager]     - Total: 2016-10-17T16:12:17+0200 - 16,00 kB
2016-10-17 14:12:19.689+0000 INFO  [o.n.k.i.DiagnosticsManager]   - Total: 2016-10-17T16:12:17+0200 - 16,00 kB
2016-10-17 14:12:19.689+0000 INFO  [o.n.k.i.DiagnosticsManager]   store_lock: 2016-10-17T16:12:15+0200 - 0,00 B
2016-10-17 14:12:19.689+0000 INFO  [o.n.k.i.DiagnosticsManager] --- STARTED diagnostics for KernelDiagnostics:StoreFiles END ---
2016-10-17 14:12:21.083+0000 INFO  [o.n.k.i.DiagnosticsManager] --- SERVER STARTED START ---
2016-10-17 14:12:22.312+0000 WARN  [o.n.k.i.c.MonitorGc] GC Monitor: Application threads blocked for 334ms.
2016-10-17 14:12:22.504+0000 INFO  [o.n.k.i.DiagnosticsManager] --- SERVER STARTED END ---
2016-10-17 14:18:07.991+0000 INFO  [o.n.k.i.t.l.c.CheckPointerImpl] Check Pointing triggered by scheduler for time threshold [9]:  Starting check pointing...
2016-10-17 14:18:07.991+0000 INFO  [o.n.k.i.t.l.c.CheckPointerImpl] Check Pointing triggered by scheduler for time threshold [9]:  Starting store flush...
2016-10-17 14:18:08.111+0000 INFO  [o.n.k.i.s.c.CountsTracker] About to rotate counts store at transaction 9 to [D:\RubenStudeert\Java\DevDatabase\database_Ruben_Everwijn_Alex_Ng.graphdb\neostore.counts.db.b], from [D:\RubenStudeert\Java\DevDatabase\database_Ruben_Everwijn_Alex_Ng.graphdb\neostore.counts.db.a].
2016-10-17 14:18:08.117+0000 INFO  [o.n.k.i.s.c.CountsTracker] Successfully rotated counts store at transaction 9 to [D:\RubenStudeert\Java\DevDatabase\database_Ruben_Everwijn_Alex_Ng.graphdb\neostore.counts.db.b], from [D:\RubenStudeert\Java\DevDatabase\database_Ruben_Everwijn_Alex_Ng.graphdb\neostore.counts.db.a].
2016-10-17 14:18:08.428+0000 INFO  [o.n.k.i.t.l.c.CheckPointerImpl] Check Pointing triggered by scheduler for time threshold [9]:  Store flush completed
2016-10-17 14:18:08.428+0000 INFO  [o.n.k.i.t.l.c.CheckPointerImpl] Check Pointing triggered by scheduler for time threshold [9]:  Starting appending check point entry into the tx log...
2016-10-17 14:18:08.450+0000 INFO  [o.n.k.i.t.l.c.CheckPointerImpl] Check Pointing triggered by scheduler for time threshold [9]:  Appending check point entry into the tx log completed
2016-10-17 14:18:08.450+0000 INFO  [o.n.k.i.t.l.c.CheckPointerImpl] Check Pointing triggered by scheduler for time threshold [9]:  Check pointing completed
2016-10-17 14:18:08.450+0000 INFO  [o.n.k.i.t.l.p.LogPruningImpl] Log Rotation [0]:  Starting log pruning.
2016-10-17 14:18:08.450+0000 INFO  [o.n.k.i.t.l.p.LogPruningImpl] Log Rotation [0]:  Log pruning complete.
2016-10-17 14:22:16.481+0000 INFO  [o.n.c.i.ExecutionEngine] Discarded stale query from the query cache: MATCH (a)-[r]->(b) WHERE id(a) IN {node_ids}
AND id(b) IN {new_node_ids}
RETURN r;
2016-10-17 14:22:16.485+0000 INFO  [o.n.c.i.CypherCompiler] Discarded stale query from the query cache: MATCH (a)-[r]->(b) WHERE id(a) IN {node_ids}
AND id(b) IN {new_node_ids}
RETURN r;
2016-10-17 14:23:08.470+0000 INFO  [o.n.k.i.t.l.c.CheckPointerImpl] Check Pointing triggered by scheduler for time threshold [15]:  Starting check pointing...
2016-10-17 14:23:08.470+0000 INFO  [o.n.k.i.t.l.c.CheckPointerImpl] Check Pointing triggered by scheduler for time threshold [15]:  Starting store flush...
2016-10-17 14:23:08.627+0000 INFO  [o.n.k.i.s.c.CountsTracker] About to rotate counts store at transaction 15 to [D:\RubenStudeert\Java\DevDatabase\database_Ruben_Everwijn_Alex_Ng.graphdb\neostore.counts.db.a], from [D:\RubenStudeert\Java\DevDatabase\database_Ruben_Everwijn_Alex_Ng.graphdb\neostore.counts.db.b].
2016-10-17 14:23:08.646+0000 INFO  [o.n.k.i.s.c.CountsTracker] Successfully rotated counts store at transaction 15 to [D:\RubenStudeert\Java\DevDatabase\database_Ruben_Everwijn_Alex_Ng.graphdb\neostore.counts.db.a], from [D:\RubenStudeert\Java\DevDatabase\database_Ruben_Everwijn_Alex_Ng.graphdb\neostore.counts.db.b].
2016-10-17 14:23:09.024+0000 INFO  [o.n.k.i.t.l.c.CheckPointerImpl] Check Pointing triggered by scheduler for time threshold [15]:  Store flush completed
2016-10-17 14:23:09.024+0000 INFO  [o.n.k.i.t.l.c.CheckPointerImpl] Check Pointing triggered by scheduler for time threshold [15]:  Starting appending check point entry into the tx log...
2016-10-17 14:23:09.052+0000 INFO  [o.n.k.i.t.l.c.CheckPointerImpl] Check Pointing triggered by scheduler for time threshold [15]:  Appending check point entry into the tx log completed
2016-10-17 14:23:09.052+0000 INFO  [o.n.k.i.t.l.c.CheckPointerImpl] Check Pointing triggered by scheduler for time threshold [15]:  Check pointing completed
2016-10-17 14:23:09.053+0000 INFO  [o.n.k.i.t.l.p.LogPruningImpl] Log Rotation [0]:  Starting log pruning.
2016-10-17 14:23:09.053+0000 INFO  [o.n.k.i.t.l.p.LogPruningImpl] Log Rotation [0]:  Log pruning complete.
2016-10-17 14:32:45.972+0000 INFO  [o.n.c.i.CypherCompiler] Discarded stale query from the query cache: Match(ta:Terminal{tname:'Terminal D'})
Create(ta)-[st1:state{state: 'Boarding'}]->(g1:gate{gateNumber:'Gate 1'}), (ta)-[st2:state{state: 'Closed'}]->(g2:gate{gateNumber:'Gate 2'}), (ta)-[st3:state{state: 'Closed'}]->(g3:gate{gateNumber:'Gate 3'})

2016-10-17 14:32:49.102+0000 INFO  [o.n.k.i.t.l.c.CheckPointerImpl] Check Pointing triggered by scheduler for time threshold [17]:  Starting check pointing...
2016-10-17 14:32:49.102+0000 INFO  [o.n.k.i.t.l.c.CheckPointerImpl] Check Pointing triggered by scheduler for time threshold [17]:  Starting store flush...
2016-10-17 14:32:49.240+0000 INFO  [o.n.k.i.s.c.CountsTracker] About to rotate counts store at transaction 17 to [D:\RubenStudeert\Java\DevDatabase\database_Ruben_Everwijn_Alex_Ng.graphdb\neostore.counts.db.b], from [D:\RubenStudeert\Java\DevDatabase\database_Ruben_Everwijn_Alex_Ng.graphdb\neostore.counts.db.a].
2016-10-17 14:32:49.258+0000 INFO  [o.n.k.i.s.c.CountsTracker] Successfully rotated counts store at transaction 17 to [D:\RubenStudeert\Java\DevDatabase\database_Ruben_Everwijn_Alex_Ng.graphdb\neostore.counts.db.b], from [D:\RubenStudeert\Java\DevDatabase\database_Ruben_Everwijn_Alex_Ng.graphdb\neostore.counts.db.a].
2016-10-17 14:32:49.464+0000 INFO  [o.n.k.i.t.l.c.CheckPointerImpl] Check Pointing triggered by scheduler for time threshold [17]:  Store flush completed
2016-10-17 14:32:49.464+0000 INFO  [o.n.k.i.t.l.c.CheckPointerImpl] Check Pointing triggered by scheduler for time threshold [17]:  Starting appending check point entry into the tx log...
2016-10-17 14:32:49.511+0000 INFO  [o.n.k.i.t.l.c.CheckPointerImpl] Check Pointing triggered by scheduler for time threshold [17]:  Appending check point entry into the tx log completed
2016-10-17 14:32:49.511+0000 INFO  [o.n.k.i.t.l.c.CheckPointerImpl] Check Pointing triggered by scheduler for time threshold [17]:  Check pointing completed
2016-10-17 14:32:49.511+0000 INFO  [o.n.k.i.t.l.p.LogPruningImpl] Log Rotation [0]:  Starting log pruning.
2016-10-17 14:32:49.511+0000 INFO  [o.n.k.i.t.l.p.LogPruningImpl] Log Rotation [0]:  Log pruning complete.
2016-10-17 14:32:56.958+0000 INFO  [o.n.c.i.ExecutionEngine] Discarded stale query from the query cache: MATCH (n) RETURN n LIMIT 25
2016-10-17 14:32:56.960+0000 INFO  [o.n.c.i.CypherCompiler] Discarded stale query from the query cache: MATCH (n) RETURN n LIMIT 25
2016-10-17 14:37:49.532+0000 INFO  [o.n.k.i.t.l.c.CheckPointerImpl] Check Pointing triggered by scheduler for time threshold [18]:  Starting check pointing...
2016-10-17 14:37:49.533+0000 INFO  [o.n.k.i.t.l.c.CheckPointerImpl] Check Pointing triggered by scheduler for time threshold [18]:  Starting store flush...
2016-10-17 14:37:49.687+0000 INFO  [o.n.k.i.s.c.CountsTracker] About to rotate counts store at transaction 18 to [D:\RubenStudeert\Java\DevDatabase\database_Ruben_Everwijn_Alex_Ng.graphdb\neostore.counts.db.a], from [D:\RubenStudeert\Java\DevDatabase\database_Ruben_Everwijn_Alex_Ng.graphdb\neostore.counts.db.b].
2016-10-17 14:37:49.691+0000 INFO  [o.n.k.i.s.c.CountsTracker] Successfully rotated counts store at transaction 18 to [D:\RubenStudeert\Java\DevDatabase\database_Ruben_Everwijn_Alex_Ng.graphdb\neostore.counts.db.a], from [D:\RubenStudeert\Java\DevDatabase\database_Ruben_Everwijn_Alex_Ng.graphdb\neostore.counts.db.b].
2016-10-17 14:37:49.904+0000 INFO  [o.n.k.i.t.l.c.CheckPointerImpl] Check Pointing triggered by scheduler for time threshold [18]:  Store flush completed
2016-10-17 14:37:49.904+0000 INFO  [o.n.k.i.t.l.c.CheckPointerImpl] Check Pointing triggered by scheduler for time threshold [18]:  Starting appending check point entry into the tx log...
2016-10-17 14:37:49.950+0000 INFO  [o.n.k.i.t.l.c.CheckPointerImpl] Check Pointing triggered by scheduler for time threshold [18]:  Appending check point entry into the tx log completed
2016-10-17 14:37:49.950+0000 INFO  [o.n.k.i.t.l.c.CheckPointerImpl] Check Pointing triggered by scheduler for time threshold [18]:  Check pointing completed
2016-10-17 14:37:49.950+0000 INFO  [o.n.k.i.t.l.p.LogPruningImpl] Log Rotation [0]:  Starting log pruning.
2016-10-17 14:37:49.950+0000 INFO  [o.n.k.i.t.l.p.LogPruningImpl] Log Rotation [0]:  Log pruning complete.
2016-10-17 14:43:41.581+0000 INFO  [o.n.k.i.f.CommunityFacadeFactory] Shutdown started
2016-10-17 14:43:41.582+0000 INFO  [o.n.k.i.f.CommunityFacadeFactory] Database is now unavailable
2016-10-17 14:43:41.586+0000 INFO  [o.n.k.i.t.l.c.CheckPointerImpl] Check Pointing triggered by database shutdown [18]:  Starting check pointing...
2016-10-17 14:43:41.586+0000 INFO  [o.n.k.i.t.l.c.CheckPointerImpl] Check Pointing triggered by database shutdown [18]:  Starting store flush...
2016-10-17 14:43:41.590+0000 INFO  [o.n.k.i.t.l.c.CheckPointerImpl] Check Pointing triggered by database shutdown [18]:  Store flush completed
2016-10-17 14:43:41.590+0000 INFO  [o.n.k.i.t.l.c.CheckPointerImpl] Check Pointing triggered by database shutdown [18]:  Starting appending check point entry into the tx log...
2016-10-17 14:43:41.670+0000 INFO  [o.n.k.i.t.l.c.CheckPointerImpl] Check Pointing triggered by database shutdown [18]:  Appending check point entry into the tx log completed
2016-10-17 14:43:41.670+0000 INFO  [o.n.k.i.t.l.c.CheckPointerImpl] Check Pointing triggered by database shutdown [18]:  Check pointing completed
2016-10-17 14:43:41.671+0000 INFO  [o.n.k.i.t.l.p.LogPruningImpl] Log Rotation [0]:  Starting log pruning.
2016-10-17 14:43:41.671+0000 INFO  [o.n.k.i.t.l.p.LogPruningImpl] Log Rotation [0]:  Log pruning complete.
2016-10-17 14:43:43.282+0000 INFO  [o.n.k.i.DiagnosticsManager] --- STOPPING diagnostics START ---
2016-10-17 14:43:43.282+0000 INFO  [o.n.k.i.DiagnosticsManager] --- STOPPING diagnostics END ---
